[35m[1mConsolidate compiler generated dependencies of target custom_interfaces__rosidl_generator_c[0m
[  1%] Built target custom_interfaces__cpp
[ 12%] Built target custom_interfaces__rosidl_generator_c
[ 12%] Built target ament_cmake_python_symlink_custom_interfaces
[35m[1mConsolidate compiler generated dependencies of target custom_interfaces__rosidl_typesupport_cpp[0m
[35m[1mConsolidate compiler generated dependencies of target custom_interfaces__rosidl_typesupport_fastrtps_cpp[0m
[35m[1mConsolidate compiler generated dependencies of target custom_interfaces__rosidl_typesupport_introspection_cpp[0m
[35m[1mConsolidate compiler generated dependencies of target custom_interfaces__rosidl_typesupport_c[0m
[35m[1mConsolidate compiler generated dependencies of target custom_interfaces__rosidl_typesupport_fastrtps_c[0m
[35m[1mConsolidate compiler generated dependencies of target custom_interfaces__rosidl_typesupport_introspection_c[0m
[ 23%] Built target custom_interfaces__rosidl_typesupport_c
[ 34%] Built target custom_interfaces__rosidl_typesupport_cpp
[ 46%] Built target custom_interfaces__rosidl_typesupport_introspection_c
[ 57%] Built target custom_interfaces__rosidl_typesupport_fastrtps_cpp
[ 68%] Built target custom_interfaces__rosidl_typesupport_introspection_cpp
[ 79%] Built target custom_interfaces__rosidl_typesupport_fastrtps_c
[ 79%] Built target custom_interfaces
[ 80%] Built target custom_interfaces__py
[35m[1mConsolidate compiler generated dependencies of target custom_interfaces__rosidl_generator_py[0m
[ 90%] Built target custom_interfaces__rosidl_generator_py
[35m[1mConsolidate compiler generated dependencies of target custom_interfaces__rosidl_typesupport_c__pyext[0m
[35m[1mConsolidate compiler generated dependencies of target custom_interfaces__rosidl_typesupport_fastrtps_c__pyext[0m
[35m[1mConsolidate compiler generated dependencies of target custom_interfaces__rosidl_typesupport_introspection_c__pyext[0m
[ 93%] Built target custom_interfaces__rosidl_typesupport_introspection_c__pyext
[ 96%] Built target custom_interfaces__rosidl_typesupport_fastrtps_c__pyext
[100%] Built target custom_interfaces__rosidl_typesupport_c__pyext
running egg_info
writing custom_interfaces.egg-info/PKG-INFO
writing dependency_links to custom_interfaces.egg-info/dependency_links.txt
writing top-level names to custom_interfaces.egg-info/top_level.txt
reading manifest file 'custom_interfaces.egg-info/SOURCES.txt'
writing manifest file 'custom_interfaces.egg-info/SOURCES.txt'
[100%] Built target ament_cmake_python_build_custom_interfaces_egg
-- Install configuration: "RelWithDebInfo"
-- Execute custom install script
-- Up-to-date symlink: /home/hanlab/workspace/kiis_2024/src/install/custom_interfaces/share/ament_index/resource_index/rosidl_interfaces/custom_interfaces
-- Up-to-date symlink: /home/hanlab/workspace/kiis_2024/src/install/custom_interfaces/include/custom_interfaces/custom_interfaces/msg/detail/get_sensordata__functions.h
-- Up-to-date symlink: /home/hanlab/workspace/kiis_2024/src/install/custom_interfaces/include/custom_interfaces/custom_interfaces/msg/detail/get_sensordata__struct.h
-- Up-to-date symlink: /home/hanlab/workspace/kiis_2024/src/install/custom_interfaces/include/custom_interfaces/custom_interfaces/msg/detail/get_sensordata__type_support.h
-- Up-to-date symlink: /home/hanlab/workspace/kiis_2024/src/install/custom_interfaces/include/custom_interfaces/custom_interfaces/msg/detail/set_positions__functions.h
-- Up-to-date symlink: /home/hanlab/workspace/kiis_2024/src/install/custom_interfaces/include/custom_interfaces/custom_interfaces/msg/detail/set_positions__struct.h
-- Up-to-date symlink: /home/hanlab/workspace/kiis_2024/src/install/custom_interfaces/include/custom_interfaces/custom_interfaces/msg/detail/set_positions__type_support.h
-- Up-to-date symlink: /home/hanlab/workspace/kiis_2024/src/install/custom_interfaces/include/custom_interfaces/custom_interfaces/msg/get_sensordata.h
-- Up-to-date symlink: /home/hanlab/workspace/kiis_2024/src/install/custom_interfaces/include/custom_interfaces/custom_interfaces/msg/rosidl_generator_c__visibility_control.h
-- Up-to-date symlink: /home/hanlab/workspace/kiis_2024/src/install/custom_interfaces/include/custom_interfaces/custom_interfaces/msg/set_positions.h
-- Up-to-date symlink: /home/hanlab/workspace/kiis_2024/src/install/custom_interfaces/include/custom_interfaces/custom_interfaces/srv/detail/get_positions__functions.h
-- Up-to-date symlink: /home/hanlab/workspace/kiis_2024/src/install/custom_interfaces/include/custom_interfaces/custom_interfaces/srv/detail/get_positions__struct.h
-- Up-to-date symlink: /home/hanlab/workspace/kiis_2024/src/install/custom_interfaces/include/custom_interfaces/custom_interfaces/srv/detail/get_positions__type_support.h
-- Up-to-date symlink: /home/hanlab/workspace/kiis_2024/src/install/custom_interfaces/include/custom_interfaces/custom_interfaces/srv/detail/set_position__functions.h
-- Up-to-date symlink: /home/hanlab/workspace/kiis_2024/src/install/custom_interfaces/include/custom_interfaces/custom_interfaces/srv/detail/set_position__struct.h
-- Up-to-date symlink: /home/hanlab/workspace/kiis_2024/src/install/custom_interfaces/include/custom_interfaces/custom_interfaces/srv/detail/set_position__type_support.h
-- Up-to-date symlink: /home/hanlab/workspace/kiis_2024/src/install/custom_interfaces/include/custom_interfaces/custom_interfaces/srv/detail/set_positions__functions.h
-- Up-to-date symlink: /home/hanlab/workspace/kiis_2024/src/install/custom_interfaces/include/custom_interfaces/custom_interfaces/srv/detail/set_positions__struct.h
-- Up-to-date symlink: /home/hanlab/workspace/kiis_2024/src/install/custom_interfaces/include/custom_interfaces/custom_interfaces/srv/detail/set_positions__type_support.h
-- Up-to-date symlink: /home/hanlab/workspace/kiis_2024/src/install/custom_interfaces/include/custom_interfaces/custom_interfaces/srv/get_positions.h
-- Up-to-date symlink: /home/hanlab/workspace/kiis_2024/src/install/custom_interfaces/include/custom_interfaces/custom_interfaces/srv/set_position.h
-- Up-to-date symlink: /home/hanlab/workspace/kiis_2024/src/install/custom_interfaces/include/custom_interfaces/custom_interfaces/srv/set_positions.h
-- Up-to-date symlink: /home/hanlab/workspace/kiis_2024/src/install/custom_interfaces/share/custom_interfaces/environment/library_path.sh
-- Up-to-date symlink: /home/hanlab/workspace/kiis_2024/src/install/custom_interfaces/share/custom_interfaces/environment/library_path.dsv
-- Up-to-date symlink: /home/hanlab/workspace/kiis_2024/src/install/custom_interfaces/include/custom_interfaces/custom_interfaces/msg/detail/get_sensordata__rosidl_typesupport_fastrtps_c.h
-- Up-to-date symlink: /home/hanlab/workspace/kiis_2024/src/install/custom_interfaces/include/custom_interfaces/custom_interfaces/msg/detail/set_positions__rosidl_typesupport_fastrtps_c.h
-- Up-to-date symlink: /home/hanlab/workspace/kiis_2024/src/install/custom_interfaces/include/custom_interfaces/custom_interfaces/msg/rosidl_typesupport_fastrtps_c__visibility_control.h
-- Up-to-date symlink: /home/hanlab/workspace/kiis_2024/src/install/custom_interfaces/include/custom_interfaces/custom_interfaces/srv/detail/get_positions__rosidl_typesupport_fastrtps_c.h
-- Up-to-date symlink: /home/hanlab/workspace/kiis_2024/src/install/custom_interfaces/include/custom_interfaces/custom_interfaces/srv/detail/set_position__rosidl_typesupport_fastrtps_c.h
-- Up-to-date symlink: /home/hanlab/workspace/kiis_2024/src/install/custom_interfaces/include/custom_interfaces/custom_interfaces/srv/detail/set_positions__rosidl_typesupport_fastrtps_c.h
-- Up-to-date symlink: /home/hanlab/workspace/kiis_2024/src/install/custom_interfaces/include/custom_interfaces/custom_interfaces/msg/detail/get_sensordata__rosidl_typesupport_introspection_c.h
-- Up-to-date symlink: /home/hanlab/workspace/kiis_2024/src/install/custom_interfaces/include/custom_interfaces/custom_interfaces/msg/detail/set_positions__rosidl_typesupport_introspection_c.h
-- Up-to-date symlink: /home/hanlab/workspace/kiis_2024/src/install/custom_interfaces/include/custom_interfaces/custom_interfaces/msg/rosidl_typesupport_introspection_c__visibility_control.h
-- Up-to-date symlink: /home/hanlab/workspace/kiis_2024/src/install/custom_interfaces/include/custom_interfaces/custom_interfaces/srv/detail/get_positions__rosidl_typesupport_introspection_c.h
-- Up-to-date symlink: /home/hanlab/workspace/kiis_2024/src/install/custom_interfaces/include/custom_interfaces/custom_interfaces/srv/detail/set_position__rosidl_typesupport_introspection_c.h
-- Up-to-date symlink: /home/hanlab/workspace/kiis_2024/src/install/custom_interfaces/include/custom_interfaces/custom_interfaces/srv/detail/set_positions__rosidl_typesupport_introspection_c.h
-- Up-to-date symlink: /home/hanlab/workspace/kiis_2024/src/install/custom_interfaces/include/custom_interfaces/custom_interfaces/msg/detail/get_sensordata__builder.hpp
-- Up-to-date symlink: /home/hanlab/workspace/kiis_2024/src/install/custom_interfaces/include/custom_interfaces/custom_interfaces/msg/detail/get_sensordata__struct.hpp
-- Up-to-date symlink: /home/hanlab/workspace/kiis_2024/src/install/custom_interfaces/include/custom_interfaces/custom_interfaces/msg/detail/get_sensordata__traits.hpp
-- Up-to-date symlink: /home/hanlab/workspace/kiis_2024/src/install/custom_interfaces/include/custom_interfaces/custom_interfaces/msg/detail/get_sensordata__type_support.hpp
-- Up-to-date symlink: /home/hanlab/workspace/kiis_2024/src/install/custom_interfaces/include/custom_interfaces/custom_interfaces/msg/detail/set_positions__builder.hpp
-- Up-to-date symlink: /home/hanlab/workspace/kiis_2024/src/install/custom_interfaces/include/custom_interfaces/custom_interfaces/msg/detail/set_positions__struct.hpp
-- Up-to-date symlink: /home/hanlab/workspace/kiis_2024/src/install/custom_interfaces/include/custom_interfaces/custom_interfaces/msg/detail/set_positions__traits.hpp
-- Up-to-date symlink: /home/hanlab/workspace/kiis_2024/src/install/custom_interfaces/include/custom_interfaces/custom_interfaces/msg/detail/set_positions__type_support.hpp
-- Up-to-date symlink: /home/hanlab/workspace/kiis_2024/src/install/custom_interfaces/include/custom_interfaces/custom_interfaces/msg/get_sensordata.hpp
-- Up-to-date symlink: /home/hanlab/workspace/kiis_2024/src/install/custom_interfaces/include/custom_interfaces/custom_interfaces/msg/rosidl_generator_cpp__visibility_control.hpp
-- Up-to-date symlink: /home/hanlab/workspace/kiis_2024/src/install/custom_interfaces/include/custom_interfaces/custom_interfaces/msg/set_positions.hpp
-- Up-to-date symlink: /home/hanlab/workspace/kiis_2024/src/install/custom_interfaces/include/custom_interfaces/custom_interfaces/srv/detail/get_positions__builder.hpp
-- Up-to-date symlink: /home/hanlab/workspace/kiis_2024/src/install/custom_interfaces/include/custom_interfaces/custom_interfaces/srv/detail/get_positions__struct.hpp
-- Up-to-date symlink: /home/hanlab/workspace/kiis_2024/src/install/custom_interfaces/include/custom_interfaces/custom_interfaces/srv/detail/get_positions__traits.hpp
-- Up-to-date symlink: /home/hanlab/workspace/kiis_2024/src/install/custom_interfaces/include/custom_interfaces/custom_interfaces/srv/detail/get_positions__type_support.hpp
-- Up-to-date symlink: /home/hanlab/workspace/kiis_2024/src/install/custom_interfaces/include/custom_interfaces/custom_interfaces/srv/detail/set_position__builder.hpp
-- Up-to-date symlink: /home/hanlab/workspace/kiis_2024/src/install/custom_interfaces/include/custom_interfaces/custom_interfaces/srv/detail/set_position__struct.hpp
-- Up-to-date symlink: /home/hanlab/workspace/kiis_2024/src/install/custom_interfaces/include/custom_interfaces/custom_interfaces/srv/detail/set_position__traits.hpp
-- Up-to-date symlink: /home/hanlab/workspace/kiis_2024/src/install/custom_interfaces/include/custom_interfaces/custom_interfaces/srv/detail/set_position__type_support.hpp
-- Up-to-date symlink: /home/hanlab/workspace/kiis_2024/src/install/custom_interfaces/include/custom_interfaces/custom_interfaces/srv/detail/set_positions__builder.hpp
-- Up-to-date symlink: /home/hanlab/workspace/kiis_2024/src/install/custom_interfaces/include/custom_interfaces/custom_interfaces/srv/detail/set_positions__struct.hpp
-- Up-to-date symlink: /home/hanlab/workspace/kiis_2024/src/install/custom_interfaces/include/custom_interfaces/custom_interfaces/srv/detail/set_positions__traits.hpp
-- Up-to-date symlink: /home/hanlab/workspace/kiis_2024/src/install/custom_interfaces/include/custom_interfaces/custom_interfaces/srv/detail/set_positions__type_support.hpp
-- Up-to-date symlink: /home/hanlab/workspace/kiis_2024/src/install/custom_interfaces/include/custom_interfaces/custom_interfaces/srv/get_positions.hpp
-- Up-to-date symlink: /home/hanlab/workspace/kiis_2024/src/install/custom_interfaces/include/custom_interfaces/custom_interfaces/srv/set_position.hpp
-- Up-to-date symlink: /home/hanlab/workspace/kiis_2024/src/install/custom_interfaces/include/custom_interfaces/custom_interfaces/srv/set_positions.hpp
-- Up-to-date symlink: /home/hanlab/workspace/kiis_2024/src/install/custom_interfaces/include/custom_interfaces/custom_interfaces/msg/detail/get_sensordata__rosidl_typesupport_fastrtps_cpp.hpp
-- Up-to-date symlink: /home/hanlab/workspace/kiis_2024/src/install/custom_interfaces/include/custom_interfaces/custom_interfaces/msg/detail/set_positions__rosidl_typesupport_fastrtps_cpp.hpp
-- Up-to-date symlink: /home/hanlab/workspace/kiis_2024/src/install/custom_interfaces/include/custom_interfaces/custom_interfaces/msg/rosidl_typesupport_fastrtps_cpp__visibility_control.h
-- Up-to-date symlink: /home/hanlab/workspace/kiis_2024/src/install/custom_interfaces/include/custom_interfaces/custom_interfaces/srv/detail/get_positions__rosidl_typesupport_fastrtps_cpp.hpp
-- Up-to-date symlink: /home/hanlab/workspace/kiis_2024/src/install/custom_interfaces/include/custom_interfaces/custom_interfaces/srv/detail/set_position__rosidl_typesupport_fastrtps_cpp.hpp
-- Up-to-date symlink: /home/hanlab/workspace/kiis_2024/src/install/custom_interfaces/include/custom_interfaces/custom_interfaces/srv/detail/set_positions__rosidl_typesupport_fastrtps_cpp.hpp
-- Up-to-date symlink: /home/hanlab/workspace/kiis_2024/src/install/custom_interfaces/include/custom_interfaces/custom_interfaces/msg/detail/get_sensordata__rosidl_typesupport_introspection_cpp.hpp
-- Up-to-date symlink: /home/hanlab/workspace/kiis_2024/src/install/custom_interfaces/include/custom_interfaces/custom_interfaces/msg/detail/set_positions__rosidl_typesupport_introspection_cpp.hpp
-- Up-to-date symlink: /home/hanlab/workspace/kiis_2024/src/install/custom_interfaces/include/custom_interfaces/custom_interfaces/srv/detail/get_positions__rosidl_typesupport_introspection_cpp.hpp
-- Up-to-date symlink: /home/hanlab/workspace/kiis_2024/src/install/custom_interfaces/include/custom_interfaces/custom_interfaces/srv/detail/set_position__rosidl_typesupport_introspection_cpp.hpp
-- Up-to-date symlink: /home/hanlab/workspace/kiis_2024/src/install/custom_interfaces/include/custom_interfaces/custom_interfaces/srv/detail/set_positions__rosidl_typesupport_introspection_cpp.hpp
-- Up-to-date symlink: /home/hanlab/workspace/kiis_2024/src/install/custom_interfaces/share/custom_interfaces/environment/pythonpath.sh
-- Up-to-date symlink: /home/hanlab/workspace/kiis_2024/src/install/custom_interfaces/share/custom_interfaces/environment/pythonpath.dsv
-- Up-to-date symlink: /home/hanlab/workspace/kiis_2024/src/install/custom_interfaces/local/lib/python3.10/dist-packages/custom_interfaces-0.0.0-py3.10.egg-info/PKG-INFO
-- Up-to-date symlink: /home/hanlab/workspace/kiis_2024/src/install/custom_interfaces/local/lib/python3.10/dist-packages/custom_interfaces-0.0.0-py3.10.egg-info/SOURCES.txt
-- Up-to-date symlink: /home/hanlab/workspace/kiis_2024/src/install/custom_interfaces/local/lib/python3.10/dist-packages/custom_interfaces-0.0.0-py3.10.egg-info/dependency_links.txt
-- Up-to-date symlink: /home/hanlab/workspace/kiis_2024/src/install/custom_interfaces/local/lib/python3.10/dist-packages/custom_interfaces-0.0.0-py3.10.egg-info/top_level.txt
-- Up-to-date symlink: /home/hanlab/workspace/kiis_2024/src/install/custom_interfaces/local/lib/python3.10/dist-packages/custom_interfaces/__init__.py
-- Up-to-date symlink: /home/hanlab/workspace/kiis_2024/src/install/custom_interfaces/local/lib/python3.10/dist-packages/custom_interfaces/_custom_interfaces_s.ep.rosidl_typesupport_c.c
-- Up-to-date symlink: /home/hanlab/workspace/kiis_2024/src/install/custom_interfaces/local/lib/python3.10/dist-packages/custom_interfaces/_custom_interfaces_s.ep.rosidl_typesupport_fastrtps_c.c
-- Up-to-date symlink: /home/hanlab/workspace/kiis_2024/src/install/custom_interfaces/local/lib/python3.10/dist-packages/custom_interfaces/_custom_interfaces_s.ep.rosidl_typesupport_introspection_c.c
-- Up-to-date symlink: /home/hanlab/workspace/kiis_2024/src/install/custom_interfaces/local/lib/python3.10/dist-packages/custom_interfaces/custom_interfaces_s__rosidl_typesupport_c.cpython-310-x86_64-linux-gnu.so
-- Up-to-date symlink: /home/hanlab/workspace/kiis_2024/src/install/custom_interfaces/local/lib/python3.10/dist-packages/custom_interfaces/custom_interfaces_s__rosidl_typesupport_fastrtps_c.cpython-310-x86_64-linux-gnu.so
-- Up-to-date symlink: /home/hanlab/workspace/kiis_2024/src/install/custom_interfaces/local/lib/python3.10/dist-packages/custom_interfaces/custom_interfaces_s__rosidl_typesupport_introspection_c.cpython-310-x86_64-linux-gnu.so
-- Up-to-date symlink: /home/hanlab/workspace/kiis_2024/src/install/custom_interfaces/local/lib/python3.10/dist-packages/custom_interfaces/libcustom_interfaces__rosidl_generator_py.so
-- Up-to-date symlink: /home/hanlab/workspace/kiis_2024/src/install/custom_interfaces/local/lib/python3.10/dist-packages/custom_interfaces/msg/__init__.py
-- Up-to-date symlink: /home/hanlab/workspace/kiis_2024/src/install/custom_interfaces/local/lib/python3.10/dist-packages/custom_interfaces/msg/_get_sensordata.py
-- Up-to-date symlink: /home/hanlab/workspace/kiis_2024/src/install/custom_interfaces/local/lib/python3.10/dist-packages/custom_interfaces/msg/_get_sensordata_s.c
-- Up-to-date symlink: /home/hanlab/workspace/kiis_2024/src/install/custom_interfaces/local/lib/python3.10/dist-packages/custom_interfaces/msg/_set_positions.py
-- Up-to-date symlink: /home/hanlab/workspace/kiis_2024/src/install/custom_interfaces/local/lib/python3.10/dist-packages/custom_interfaces/msg/_set_positions_s.c
-- Up-to-date symlink: /home/hanlab/workspace/kiis_2024/src/install/custom_interfaces/local/lib/python3.10/dist-packages/custom_interfaces/srv/__init__.py
-- Up-to-date symlink: /home/hanlab/workspace/kiis_2024/src/install/custom_interfaces/local/lib/python3.10/dist-packages/custom_interfaces/srv/_get_positions.py
-- Up-to-date symlink: /home/hanlab/workspace/kiis_2024/src/install/custom_interfaces/local/lib/python3.10/dist-packages/custom_interfaces/srv/_get_positions_s.c
-- Up-to-date symlink: /home/hanlab/workspace/kiis_2024/src/install/custom_interfaces/local/lib/python3.10/dist-packages/custom_interfaces/srv/_set_position.py
-- Up-to-date symlink: /home/hanlab/workspace/kiis_2024/src/install/custom_interfaces/local/lib/python3.10/dist-packages/custom_interfaces/srv/_set_position_s.c
-- Up-to-date symlink: /home/hanlab/workspace/kiis_2024/src/install/custom_interfaces/local/lib/python3.10/dist-packages/custom_interfaces/srv/_set_positions.py
-- Up-to-date symlink: /home/hanlab/workspace/kiis_2024/src/install/custom_interfaces/local/lib/python3.10/dist-packages/custom_interfaces/srv/_set_positions_s.c
-- Up-to-date symlink: /home/hanlab/workspace/kiis_2024/src/install/custom_interfaces/local/lib/python3.10/dist-packages/custom_interfaces/custom_interfaces_s__rosidl_typesupport_fastrtps_c.cpython-310-x86_64-linux-gnu.so
-- Up-to-date symlink: /home/hanlab/workspace/kiis_2024/src/install/custom_interfaces/local/lib/python3.10/dist-packages/custom_interfaces/custom_interfaces_s__rosidl_typesupport_introspection_c.cpython-310-x86_64-linux-gnu.so
-- Up-to-date symlink: /home/hanlab/workspace/kiis_2024/src/install/custom_interfaces/local/lib/python3.10/dist-packages/custom_interfaces/custom_interfaces_s__rosidl_typesupport_c.cpython-310-x86_64-linux-gnu.so
-- Up-to-date symlink: /home/hanlab/workspace/kiis_2024/src/install/custom_interfaces/share/custom_interfaces/msg/SetPositions.idl
-- Up-to-date symlink: /home/hanlab/workspace/kiis_2024/src/install/custom_interfaces/share/custom_interfaces/msg/GetSensordata.idl
-- Up-to-date symlink: /home/hanlab/workspace/kiis_2024/src/install/custom_interfaces/share/custom_interfaces/srv/GetPositions.idl
-- Up-to-date symlink: /home/hanlab/workspace/kiis_2024/src/install/custom_interfaces/share/custom_interfaces/srv/SetPositions.idl
-- Up-to-date symlink: /home/hanlab/workspace/kiis_2024/src/install/custom_interfaces/share/custom_interfaces/srv/SetPosition.idl
-- Up-to-date symlink: /home/hanlab/workspace/kiis_2024/src/install/custom_interfaces/share/custom_interfaces/msg/SetPositions.msg
-- Up-to-date symlink: /home/hanlab/workspace/kiis_2024/src/install/custom_interfaces/share/custom_interfaces/msg/GetSensordata.msg
-- Up-to-date symlink: /home/hanlab/workspace/kiis_2024/src/install/custom_interfaces/share/custom_interfaces/srv/GetPositions.srv
-- Up-to-date symlink: /home/hanlab/workspace/kiis_2024/src/install/custom_interfaces/share/custom_interfaces/srv/GetPositions_Request.msg
-- Up-to-date symlink: /home/hanlab/workspace/kiis_2024/src/install/custom_interfaces/share/custom_interfaces/srv/GetPositions_Response.msg
-- Up-to-date symlink: /home/hanlab/workspace/kiis_2024/src/install/custom_interfaces/share/custom_interfaces/srv/SetPositions.srv
-- Up-to-date symlink: /home/hanlab/workspace/kiis_2024/src/install/custom_interfaces/share/custom_interfaces/srv/SetPositions_Request.msg
-- Up-to-date symlink: /home/hanlab/workspace/kiis_2024/src/install/custom_interfaces/share/custom_interfaces/srv/SetPositions_Response.msg
-- Up-to-date symlink: /home/hanlab/workspace/kiis_2024/src/install/custom_interfaces/share/custom_interfaces/srv/SetPosition.srv
-- Up-to-date symlink: /home/hanlab/workspace/kiis_2024/src/install/custom_interfaces/share/custom_interfaces/srv/SetPosition_Request.msg
-- Up-to-date symlink: /home/hanlab/workspace/kiis_2024/src/install/custom_interfaces/share/custom_interfaces/srv/SetPosition_Response.msg
-- Up-to-date symlink: /home/hanlab/workspace/kiis_2024/src/install/custom_interfaces/share/ament_index/resource_index/package_run_dependencies/custom_interfaces
-- Up-to-date symlink: /home/hanlab/workspace/kiis_2024/src/install/custom_interfaces/share/ament_index/resource_index/parent_prefix_path/custom_interfaces
-- Up-to-date symlink: /home/hanlab/workspace/kiis_2024/src/install/custom_interfaces/share/custom_interfaces/environment/ament_prefix_path.sh
-- Up-to-date symlink: /home/hanlab/workspace/kiis_2024/src/install/custom_interfaces/share/custom_interfaces/environment/ament_prefix_path.dsv
-- Up-to-date symlink: /home/hanlab/workspace/kiis_2024/src/install/custom_interfaces/share/custom_interfaces/environment/path.sh
-- Up-to-date symlink: /home/hanlab/workspace/kiis_2024/src/install/custom_interfaces/share/custom_interfaces/environment/path.dsv
-- Up-to-date symlink: /home/hanlab/workspace/kiis_2024/src/install/custom_interfaces/share/custom_interfaces/local_setup.bash
-- Up-to-date symlink: /home/hanlab/workspace/kiis_2024/src/install/custom_interfaces/share/custom_interfaces/local_setup.sh
-- Up-to-date symlink: /home/hanlab/workspace/kiis_2024/src/install/custom_interfaces/share/custom_interfaces/local_setup.zsh
-- Up-to-date symlink: /home/hanlab/workspace/kiis_2024/src/install/custom_interfaces/share/custom_interfaces/local_setup.dsv
-- Symlinking: /home/hanlab/workspace/kiis_2024/src/install/custom_interfaces/share/custom_interfaces/package.dsv
-- Up-to-date symlink: /home/hanlab/workspace/kiis_2024/src/install/custom_interfaces/share/ament_index/resource_index/packages/custom_interfaces
-- Up-to-date symlink: /home/hanlab/workspace/kiis_2024/src/install/custom_interfaces/share/custom_interfaces/cmake/rosidl_cmake-extras.cmake
-- Up-to-date symlink: /home/hanlab/workspace/kiis_2024/src/install/custom_interfaces/share/custom_interfaces/cmake/ament_cmake_export_include_directories-extras.cmake
-- Up-to-date symlink: /home/hanlab/workspace/kiis_2024/src/install/custom_interfaces/share/custom_interfaces/cmake/ament_cmake_export_libraries-extras.cmake
-- Up-to-date symlink: /home/hanlab/workspace/kiis_2024/src/install/custom_interfaces/share/custom_interfaces/cmake/ament_cmake_export_targets-extras.cmake
-- Up-to-date symlink: /home/hanlab/workspace/kiis_2024/src/install/custom_interfaces/share/custom_interfaces/cmake/rosidl_cmake_export_typesupport_targets-extras.cmake
-- Up-to-date symlink: /home/hanlab/workspace/kiis_2024/src/install/custom_interfaces/share/custom_interfaces/cmake/ament_cmake_export_dependencies-extras.cmake
-- Up-to-date symlink: /home/hanlab/workspace/kiis_2024/src/install/custom_interfaces/share/custom_interfaces/cmake/rosidl_cmake_export_typesupport_libraries-extras.cmake
-- Up-to-date symlink: /home/hanlab/workspace/kiis_2024/src/install/custom_interfaces/share/custom_interfaces/cmake/custom_interfacesConfig.cmake
-- Up-to-date symlink: /home/hanlab/workspace/kiis_2024/src/install/custom_interfaces/share/custom_interfaces/cmake/custom_interfacesConfig-version.cmake
-- Up-to-date symlink: /home/hanlab/workspace/kiis_2024/src/install/custom_interfaces/share/custom_interfaces/package.xml
-- Up-to-date: /home/hanlab/workspace/kiis_2024/src/install/custom_interfaces/lib/libcustom_interfaces__rosidl_generator_c.so
-- Up-to-date: /home/hanlab/workspace/kiis_2024/src/install/custom_interfaces/lib/libcustom_interfaces__rosidl_typesupport_fastrtps_c.so
-- Up-to-date: /home/hanlab/workspace/kiis_2024/src/install/custom_interfaces/lib/libcustom_interfaces__rosidl_typesupport_introspection_c.so
-- Up-to-date: /home/hanlab/workspace/kiis_2024/src/install/custom_interfaces/lib/libcustom_interfaces__rosidl_typesupport_c.so
-- Up-to-date: /home/hanlab/workspace/kiis_2024/src/install/custom_interfaces/lib/libcustom_interfaces__rosidl_typesupport_fastrtps_cpp.so
-- Up-to-date: /home/hanlab/workspace/kiis_2024/src/install/custom_interfaces/lib/libcustom_interfaces__rosidl_typesupport_introspection_cpp.so
-- Up-to-date: /home/hanlab/workspace/kiis_2024/src/install/custom_interfaces/lib/libcustom_interfaces__rosidl_typesupport_cpp.so
Listing '/home/hanlab/workspace/kiis_2024/src/install/custom_interfaces/local/lib/python3.10/dist-packages/custom_interfaces'...
Listing '/home/hanlab/workspace/kiis_2024/src/install/custom_interfaces/local/lib/python3.10/dist-packages/custom_interfaces/msg'...
Listing '/home/hanlab/workspace/kiis_2024/src/install/custom_interfaces/local/lib/python3.10/dist-packages/custom_interfaces/srv'...
-- Up-to-date: /home/hanlab/workspace/kiis_2024/src/install/custom_interfaces/lib/libcustom_interfaces__rosidl_generator_py.so
-- Up-to-date: /home/hanlab/workspace/kiis_2024/src/install/custom_interfaces/share/custom_interfaces/cmake/export_custom_interfaces__rosidl_generator_cExport.cmake
-- Up-to-date: /home/hanlab/workspace/kiis_2024/src/install/custom_interfaces/share/custom_interfaces/cmake/export_custom_interfaces__rosidl_generator_cExport-relwithdebinfo.cmake
-- Up-to-date: /home/hanlab/workspace/kiis_2024/src/install/custom_interfaces/share/custom_interfaces/cmake/export_custom_interfaces__rosidl_typesupport_fastrtps_cExport.cmake
-- Up-to-date: /home/hanlab/workspace/kiis_2024/src/install/custom_interfaces/share/custom_interfaces/cmake/export_custom_interfaces__rosidl_typesupport_fastrtps_cExport-relwithdebinfo.cmake
-- Up-to-date: /home/hanlab/workspace/kiis_2024/src/install/custom_interfaces/share/custom_interfaces/cmake/custom_interfaces__rosidl_typesupport_introspection_cExport.cmake
-- Up-to-date: /home/hanlab/workspace/kiis_2024/src/install/custom_interfaces/share/custom_interfaces/cmake/custom_interfaces__rosidl_typesupport_introspection_cExport-relwithdebinfo.cmake
-- Up-to-date: /home/hanlab/workspace/kiis_2024/src/install/custom_interfaces/share/custom_interfaces/cmake/custom_interfaces__rosidl_typesupport_cExport.cmake
-- Up-to-date: /home/hanlab/workspace/kiis_2024/src/install/custom_interfaces/share/custom_interfaces/cmake/custom_interfaces__rosidl_typesupport_cExport-relwithdebinfo.cmake
-- Up-to-date: /home/hanlab/workspace/kiis_2024/src/install/custom_interfaces/share/custom_interfaces/cmake/export_custom_interfaces__rosidl_generator_cppExport.cmake
-- Up-to-date: /home/hanlab/workspace/kiis_2024/src/install/custom_interfaces/share/custom_interfaces/cmake/export_custom_interfaces__rosidl_typesupport_fastrtps_cppExport.cmake
-- Up-to-date: /home/hanlab/workspace/kiis_2024/src/install/custom_interfaces/share/custom_interfaces/cmake/export_custom_interfaces__rosidl_typesupport_fastrtps_cppExport-relwithdebinfo.cmake
-- Up-to-date: /home/hanlab/workspace/kiis_2024/src/install/custom_interfaces/share/custom_interfaces/cmake/custom_interfaces__rosidl_typesupport_introspection_cppExport.cmake
-- Up-to-date: /home/hanlab/workspace/kiis_2024/src/install/custom_interfaces/share/custom_interfaces/cmake/custom_interfaces__rosidl_typesupport_introspection_cppExport-relwithdebinfo.cmake
-- Up-to-date: /home/hanlab/workspace/kiis_2024/src/install/custom_interfaces/share/custom_interfaces/cmake/custom_interfaces__rosidl_typesupport_cppExport.cmake
-- Up-to-date: /home/hanlab/workspace/kiis_2024/src/install/custom_interfaces/share/custom_interfaces/cmake/custom_interfaces__rosidl_typesupport_cppExport-relwithdebinfo.cmake
-- Up-to-date: /home/hanlab/workspace/kiis_2024/src/install/custom_interfaces/share/custom_interfaces/cmake/export_custom_interfaces__rosidl_generator_pyExport.cmake
-- Up-to-date: /home/hanlab/workspace/kiis_2024/src/install/custom_interfaces/share/custom_interfaces/cmake/export_custom_interfaces__rosidl_generator_pyExport-relwithdebinfo.cmake
