-- The C compiler identification is GNU 11.4.0
-- The CXX compiler identification is GNU 11.4.0
-- Detecting C compiler ABI info
-- Detecting C compiler ABI info - done
-- Check for working C compiler: /usr/bin/cc - skipped
-- Detecting C compile features
-- Detecting C compile features - done
-- Detecting CXX compiler ABI info
-- Detecting CXX compiler ABI info - done
-- Check for working CXX compiler: /usr/bin/c++ - skipped
-- Detecting CXX compile features
-- Detecting CXX compile features - done
-- Found ament_cmake: 1.3.11 (/opt/ros/humble/share/ament_cmake/cmake)
-- Found Python3: /usr/bin/python3 (found version "3.10.12") found components: Interpreter 
-- Override CMake install command with custom implementation using symlinks instead of copying resources
-- Found rosidl_default_generators: 1.2.0 (/opt/ros/humble/share/rosidl_default_generators/cmake)
-- Using all available rosidl_typesupport_c: rosidl_typesupport_fastrtps_c;rosidl_typesupport_introspection_c
-- Found rosidl_adapter: 3.1.6 (/opt/ros/humble/share/rosidl_adapter/cmake)
-- Using all available rosidl_typesupport_cpp: rosidl_typesupport_fastrtps_cpp;rosidl_typesupport_introspection_cpp
-- Found ament_cmake_ros: 0.10.0 (/opt/ros/humble/share/ament_cmake_ros/cmake)
-- Using all available rosidl_typesupport_c: rosidl_typesupport_fastrtps_c;rosidl_typesupport_introspection_c
-- Using all available rosidl_typesupport_cpp: rosidl_typesupport_fastrtps_cpp;rosidl_typesupport_introspection_cpp
-- Found PythonInterp: /usr/bin/python3 (found suitable version "3.10.12", minimum required is "3.6") 
-- Found python_cmake_module: 0.10.0 (/opt/ros/humble/share/python_cmake_module/cmake)
-- Found PythonLibs: /usr/lib/x86_64-linux-gnu/libpython3.10.so (found suitable version "3.10.12", minimum required is "3.5") 
-- Using PYTHON_EXECUTABLE: /usr/bin/python3
-- Using PYTHON_INCLUDE_DIRS: /usr/include/python3.10
-- Using PYTHON_LIBRARIES: /usr/lib/x86_64-linux-gnu/libpython3.10.so
-- Found PythonExtra: .so  
-- Found ament_lint_auto: 0.12.11 (/opt/ros/humble/share/ament_lint_auto/cmake)
-- Added test 'lint_cmake' to check CMake code style
-- Added test 'xmllint' to check XML markup files
-- Configuring done
-- Generating done
-- Build files have been written to: /home/hanlab/workspace/kiis_2024/src/build/custom_interfaces
[  1%] [34m[1mGenerating C code for ROS interfaces[0m
[  3%] [34m[1mGenerating C++ code for ROS interfaces[0m
[  3%] Built target ament_cmake_python_symlink_custom_interfaces
running egg_info
creating custom_interfaces.egg-info
writing custom_interfaces.egg-info/PKG-INFO
writing dependency_links to custom_interfaces.egg-info/dependency_links.txt
writing top-level names to custom_interfaces.egg-info/top_level.txt
writing manifest file 'custom_interfaces.egg-info/SOURCES.txt'
reading manifest file 'custom_interfaces.egg-info/SOURCES.txt'
writing manifest file 'custom_interfaces.egg-info/SOURCES.txt'
[  3%] Built target ament_cmake_python_build_custom_interfaces_egg
[  6%] [32mBuilding C object CMakeFiles/custom_interfaces__rosidl_generator_c.dir/rosidl_generator_c/custom_interfaces/srv/detail/get_positions__functions.c.o[0m
[  6%] [32mBuilding C object CMakeFiles/custom_interfaces__rosidl_generator_c.dir/rosidl_generator_c/custom_interfaces/msg/detail/get_sensordata__functions.c.o[0m
[  7%] [32mBuilding C object CMakeFiles/custom_interfaces__rosidl_generator_c.dir/rosidl_generator_c/custom_interfaces/msg/detail/set_positions__functions.c.o[0m
[  9%] [32mBuilding C object CMakeFiles/custom_interfaces__rosidl_generator_c.dir/rosidl_generator_c/custom_interfaces/srv/detail/set_position__functions.c.o[0m
[ 11%] [32mBuilding C object CMakeFiles/custom_interfaces__rosidl_generator_c.dir/rosidl_generator_c/custom_interfaces/srv/detail/set_positions__functions.c.o[0m
[ 11%] Built target custom_interfaces__cpp
[ 12%] [34m[1mGenerating C++ type support dispatch for ROS interfaces[0m
[ 14%] [34m[1mGenerating C++ introspection for ROS interfaces[0m
[ 15%] [34m[1mGenerating C++ type support for eProsima Fast-RTPS[0m
[ 17%] [32m[1mLinking C shared library libcustom_interfaces__rosidl_generator_c.so[0m
[ 17%] Built target custom_interfaces__rosidl_generator_c
[ 19%] [34m[1mGenerating C type support for eProsima Fast-RTPS[0m
[ 20%] [34m[1mGenerating C type support dispatch for ROS interfaces[0m
[ 22%] [34m[1mGenerating C introspection for ROS interfaces[0m
[ 25%] [32mBuilding CXX object CMakeFiles/custom_interfaces__rosidl_typesupport_cpp.dir/rosidl_typesupport_cpp/custom_interfaces/msg/set_positions__type_support.cpp.o[0m
[ 25%] [32mBuilding CXX object CMakeFiles/custom_interfaces__rosidl_typesupport_cpp.dir/rosidl_typesupport_cpp/custom_interfaces/msg/get_sensordata__type_support.cpp.o[0m
[ 26%] [32mBuilding CXX object CMakeFiles/custom_interfaces__rosidl_typesupport_cpp.dir/rosidl_typesupport_cpp/custom_interfaces/srv/set_positions__type_support.cpp.o[0m
[ 30%] [32mBuilding CXX object CMakeFiles/custom_interfaces__rosidl_typesupport_cpp.dir/rosidl_typesupport_cpp/custom_interfaces/srv/get_positions__type_support.cpp.o[0m
[ 30%] [32mBuilding CXX object CMakeFiles/custom_interfaces__rosidl_typesupport_cpp.dir/rosidl_typesupport_cpp/custom_interfaces/srv/set_position__type_support.cpp.o[0m
[ 31%] [32mBuilding CXX object CMakeFiles/custom_interfaces__rosidl_typesupport_introspection_cpp.dir/rosidl_typesupport_introspection_cpp/custom_interfaces/msg/detail/set_positions__type_support.cpp.o[0m
[ 33%] [32mBuilding CXX object CMakeFiles/custom_interfaces__rosidl_typesupport_introspection_cpp.dir/rosidl_typesupport_introspection_cpp/custom_interfaces/msg/detail/get_sensordata__type_support.cpp.o[0m
[ 34%] [32mBuilding CXX object CMakeFiles/custom_interfaces__rosidl_typesupport_introspection_cpp.dir/rosidl_typesupport_introspection_cpp/custom_interfaces/srv/detail/get_positions__type_support.cpp.o[0m
[ 36%] [32mBuilding CXX object CMakeFiles/custom_interfaces__rosidl_typesupport_c.dir/rosidl_typesupport_c/custom_interfaces/msg/set_positions__type_support.cpp.o[0m
[ 38%] [32mBuilding CXX object CMakeFiles/custom_interfaces__rosidl_typesupport_c.dir/rosidl_typesupport_c/custom_interfaces/msg/get_sensordata__type_support.cpp.o[0m
[ 39%] [32mBuilding CXX object CMakeFiles/custom_interfaces__rosidl_typesupport_fastrtps_cpp.dir/rosidl_typesupport_fastrtps_cpp/custom_interfaces/msg/detail/dds_fastrtps/set_positions__type_support.cpp.o[0m
[ 41%] [32mBuilding CXX object CMakeFiles/custom_interfaces__rosidl_typesupport_c.dir/rosidl_typesupport_c/custom_interfaces/srv/get_positions__type_support.cpp.o[0m
[ 42%] [32mBuilding CXX object CMakeFiles/custom_interfaces__rosidl_typesupport_c.dir/rosidl_typesupport_c/custom_interfaces/srv/set_positions__type_support.cpp.o[0m
[ 44%] [32mBuilding CXX object CMakeFiles/custom_interfaces__rosidl_typesupport_c.dir/rosidl_typesupport_c/custom_interfaces/srv/set_position__type_support.cpp.o[0m
[ 46%] [32mBuilding CXX object CMakeFiles/custom_interfaces__rosidl_typesupport_fastrtps_cpp.dir/rosidl_typesupport_fastrtps_cpp/custom_interfaces/msg/detail/dds_fastrtps/get_sensordata__type_support.cpp.o[0m
[ 47%] [32mBuilding CXX object CMakeFiles/custom_interfaces__rosidl_typesupport_introspection_cpp.dir/rosidl_typesupport_introspection_cpp/custom_interfaces/srv/detail/set_positions__type_support.cpp.o[0m
[ 49%] [32mBuilding CXX object CMakeFiles/custom_interfaces__rosidl_typesupport_introspection_cpp.dir/rosidl_typesupport_introspection_cpp/custom_interfaces/srv/detail/set_position__type_support.cpp.o[0m
[ 50%] [32mBuilding CXX object CMakeFiles/custom_interfaces__rosidl_typesupport_fastrtps_c.dir/rosidl_typesupport_fastrtps_c/custom_interfaces/msg/detail/set_positions__type_support_c.cpp.o[0m
[ 52%] [32mBuilding C object CMakeFiles/custom_interfaces__rosidl_typesupport_introspection_c.dir/rosidl_typesupport_introspection_c/custom_interfaces/msg/detail/get_sensordata__type_support.c.o[0m
[ 53%] [32mBuilding C object CMakeFiles/custom_interfaces__rosidl_typesupport_introspection_c.dir/rosidl_typesupport_introspection_c/custom_interfaces/msg/detail/set_positions__type_support.c.o[0m
[ 55%] [32m[1mLinking CXX shared library libcustom_interfaces__rosidl_typesupport_cpp.so[0m
[ 57%] [32m[1mLinking CXX shared library libcustom_interfaces__rosidl_typesupport_c.so[0m
[ 58%] [32mBuilding CXX object CMakeFiles/custom_interfaces__rosidl_typesupport_fastrtps_c.dir/rosidl_typesupport_fastrtps_c/custom_interfaces/msg/detail/get_sensordata__type_support_c.cpp.o[0m
[ 58%] Built target custom_interfaces__rosidl_typesupport_cpp
[ 60%] [32mBuilding CXX object CMakeFiles/custom_interfaces__rosidl_typesupport_fastrtps_c.dir/rosidl_typesupport_fastrtps_c/custom_interfaces/srv/detail/get_positions__type_support_c.cpp.o[0m
[ 61%] [32mBuilding C object CMakeFiles/custom_interfaces__rosidl_typesupport_introspection_c.dir/rosidl_typesupport_introspection_c/custom_interfaces/srv/detail/get_positions__type_support.c.o[0m
[ 61%] Built target custom_interfaces__rosidl_typesupport_c
[ 63%] [32mBuilding CXX object CMakeFiles/custom_interfaces__rosidl_typesupport_fastrtps_c.dir/rosidl_typesupport_fastrtps_c/custom_interfaces/srv/detail/set_positions__type_support_c.cpp.o[0m
[ 65%] [32mBuilding C object CMakeFiles/custom_interfaces__rosidl_typesupport_introspection_c.dir/rosidl_typesupport_introspection_c/custom_interfaces/srv/detail/set_positions__type_support.c.o[0m
[ 66%] [32mBuilding CXX object CMakeFiles/custom_interfaces__rosidl_typesupport_fastrtps_c.dir/rosidl_typesupport_fastrtps_c/custom_interfaces/srv/detail/set_position__type_support_c.cpp.o[0m
[ 68%] [32mBuilding C object CMakeFiles/custom_interfaces__rosidl_typesupport_introspection_c.dir/rosidl_typesupport_introspection_c/custom_interfaces/srv/detail/set_position__type_support.c.o[0m
[ 69%] [32mBuilding CXX object CMakeFiles/custom_interfaces__rosidl_typesupport_fastrtps_cpp.dir/rosidl_typesupport_fastrtps_cpp/custom_interfaces/srv/detail/dds_fastrtps/get_positions__type_support.cpp.o[0m
[ 71%] [32m[1mLinking C shared library libcustom_interfaces__rosidl_typesupport_introspection_c.so[0m
[ 73%] [32mBuilding CXX object CMakeFiles/custom_interfaces__rosidl_typesupport_fastrtps_cpp.dir/rosidl_typesupport_fastrtps_cpp/custom_interfaces/srv/detail/dds_fastrtps/set_positions__type_support.cpp.o[0m
[ 73%] Built target custom_interfaces__rosidl_typesupport_introspection_c
[ 74%] [32mBuilding CXX object CMakeFiles/custom_interfaces__rosidl_typesupport_fastrtps_cpp.dir/rosidl_typesupport_fastrtps_cpp/custom_interfaces/srv/detail/dds_fastrtps/set_position__type_support.cpp.o[0m
[ 76%] [32m[1mLinking CXX shared library libcustom_interfaces__rosidl_typesupport_introspection_cpp.so[0m
[ 77%] [32m[1mLinking CXX shared library libcustom_interfaces__rosidl_typesupport_fastrtps_c.so[0m
[ 77%] Built target custom_interfaces__rosidl_typesupport_introspection_cpp
[ 77%] Built target custom_interfaces__rosidl_typesupport_fastrtps_c
[ 79%] [32m[1mLinking CXX shared library libcustom_interfaces__rosidl_typesupport_fastrtps_cpp.so[0m
[ 79%] Built target custom_interfaces__rosidl_typesupport_fastrtps_cpp
[ 79%] Built target custom_interfaces
[ 80%] [34m[1mGenerating Python code for ROS interfaces[0m
[ 80%] Built target custom_interfaces__py
[ 85%] [32mBuilding C object CMakeFiles/custom_interfaces__rosidl_generator_py.dir/rosidl_generator_py/custom_interfaces/msg/_set_positions_s.c.o[0m
[ 85%] [32mBuilding C object CMakeFiles/custom_interfaces__rosidl_generator_py.dir/rosidl_generator_py/custom_interfaces/msg/_get_sensordata_s.c.o[0m
[ 85%] [32mBuilding C object CMakeFiles/custom_interfaces__rosidl_generator_py.dir/rosidl_generator_py/custom_interfaces/srv/_get_positions_s.c.o[0m
[ 87%] [32mBuilding C object CMakeFiles/custom_interfaces__rosidl_generator_py.dir/rosidl_generator_py/custom_interfaces/srv/_set_positions_s.c.o[0m
[ 88%] [32mBuilding C object CMakeFiles/custom_interfaces__rosidl_generator_py.dir/rosidl_generator_py/custom_interfaces/srv/_set_position_s.c.o[0m
[ 90%] [32m[1mLinking C shared library rosidl_generator_py/custom_interfaces/libcustom_interfaces__rosidl_generator_py.so[0m
[ 90%] Built target custom_interfaces__rosidl_generator_py
[ 95%] [32mBuilding C object CMakeFiles/custom_interfaces__rosidl_typesupport_c__pyext.dir/rosidl_generator_py/custom_interfaces/_custom_interfaces_s.ep.rosidl_typesupport_c.c.o[0m
[ 95%] [32mBuilding C object CMakeFiles/custom_interfaces__rosidl_typesupport_introspection_c__pyext.dir/rosidl_generator_py/custom_interfaces/_custom_interfaces_s.ep.rosidl_typesupport_introspection_c.c.o[0m
[ 95%] [32mBuilding C object CMakeFiles/custom_interfaces__rosidl_typesupport_fastrtps_c__pyext.dir/rosidl_generator_py/custom_interfaces/_custom_interfaces_s.ep.rosidl_typesupport_fastrtps_c.c.o[0m
[ 96%] [32m[1mLinking C shared library rosidl_generator_py/custom_interfaces/custom_interfaces_s__rosidl_typesupport_introspection_c.cpython-310-x86_64-linux-gnu.so[0m
[ 98%] [32m[1mLinking C shared library rosidl_generator_py/custom_interfaces/custom_interfaces_s__rosidl_typesupport_c.cpython-310-x86_64-linux-gnu.so[0m
[100%] [32m[1mLinking C shared library rosidl_generator_py/custom_interfaces/custom_interfaces_s__rosidl_typesupport_fastrtps_c.cpython-310-x86_64-linux-gnu.so[0m
[100%] Built target custom_interfaces__rosidl_typesupport_c__pyext
[100%] Built target custom_interfaces__rosidl_typesupport_introspection_c__pyext
[100%] Built target custom_interfaces__rosidl_typesupport_fastrtps_c__pyext
-- Install configuration: "RelWithDebInfo"
-- Execute custom install script
-- Symlinking: /home/hanlab/workspace/kiis_2024/src/install/custom_interfaces/share/ament_index/resource_index/rosidl_interfaces/custom_interfaces
-- Symlinking: /home/hanlab/workspace/kiis_2024/src/install/custom_interfaces/include/custom_interfaces/custom_interfaces/msg/detail/get_sensordata__functions.h
-- Symlinking: /home/hanlab/workspace/kiis_2024/src/install/custom_interfaces/include/custom_interfaces/custom_interfaces/msg/detail/get_sensordata__struct.h
-- Symlinking: /home/hanlab/workspace/kiis_2024/src/install/custom_interfaces/include/custom_interfaces/custom_interfaces/msg/detail/get_sensordata__type_support.h
-- Symlinking: /home/hanlab/workspace/kiis_2024/src/install/custom_interfaces/include/custom_interfaces/custom_interfaces/msg/detail/set_positions__functions.h
-- Symlinking: /home/hanlab/workspace/kiis_2024/src/install/custom_interfaces/include/custom_interfaces/custom_interfaces/msg/detail/set_positions__struct.h
-- Symlinking: /home/hanlab/workspace/kiis_2024/src/install/custom_interfaces/include/custom_interfaces/custom_interfaces/msg/detail/set_positions__type_support.h
-- Symlinking: /home/hanlab/workspace/kiis_2024/src/install/custom_interfaces/include/custom_interfaces/custom_interfaces/msg/get_sensordata.h
-- Symlinking: /home/hanlab/workspace/kiis_2024/src/install/custom_interfaces/include/custom_interfaces/custom_interfaces/msg/rosidl_generator_c__visibility_control.h
-- Symlinking: /home/hanlab/workspace/kiis_2024/src/install/custom_interfaces/include/custom_interfaces/custom_interfaces/msg/set_positions.h
-- Symlinking: /home/hanlab/workspace/kiis_2024/src/install/custom_interfaces/include/custom_interfaces/custom_interfaces/srv/detail/get_positions__functions.h
-- Symlinking: /home/hanlab/workspace/kiis_2024/src/install/custom_interfaces/include/custom_interfaces/custom_interfaces/srv/detail/get_positions__struct.h
-- Symlinking: /home/hanlab/workspace/kiis_2024/src/install/custom_interfaces/include/custom_interfaces/custom_interfaces/srv/detail/get_positions__type_support.h
-- Symlinking: /home/hanlab/workspace/kiis_2024/src/install/custom_interfaces/include/custom_interfaces/custom_interfaces/srv/detail/set_position__functions.h
-- Symlinking: /home/hanlab/workspace/kiis_2024/src/install/custom_interfaces/include/custom_interfaces/custom_interfaces/srv/detail/set_position__struct.h
-- Symlinking: /home/hanlab/workspace/kiis_2024/src/install/custom_interfaces/include/custom_interfaces/custom_interfaces/srv/detail/set_position__type_support.h
-- Symlinking: /home/hanlab/workspace/kiis_2024/src/install/custom_interfaces/include/custom_interfaces/custom_interfaces/srv/detail/set_positions__functions.h
-- Symlinking: /home/hanlab/workspace/kiis_2024/src/install/custom_interfaces/include/custom_interfaces/custom_interfaces/srv/detail/set_positions__struct.h
-- Symlinking: /home/hanlab/workspace/kiis_2024/src/install/custom_interfaces/include/custom_interfaces/custom_interfaces/srv/detail/set_positions__type_support.h
-- Symlinking: /home/hanlab/workspace/kiis_2024/src/install/custom_interfaces/include/custom_interfaces/custom_interfaces/srv/get_positions.h
-- Symlinking: /home/hanlab/workspace/kiis_2024/src/install/custom_interfaces/include/custom_interfaces/custom_interfaces/srv/set_position.h
-- Symlinking: /home/hanlab/workspace/kiis_2024/src/install/custom_interfaces/include/custom_interfaces/custom_interfaces/srv/set_positions.h
-- Symlinking: /home/hanlab/workspace/kiis_2024/src/install/custom_interfaces/share/custom_interfaces/environment/library_path.sh
-- Symlinking: /home/hanlab/workspace/kiis_2024/src/install/custom_interfaces/share/custom_interfaces/environment/library_path.dsv
-- Symlinking: /home/hanlab/workspace/kiis_2024/src/install/custom_interfaces/include/custom_interfaces/custom_interfaces/msg/detail/get_sensordata__rosidl_typesupport_fastrtps_c.h
-- Symlinking: /home/hanlab/workspace/kiis_2024/src/install/custom_interfaces/include/custom_interfaces/custom_interfaces/msg/detail/set_positions__rosidl_typesupport_fastrtps_c.h
-- Symlinking: /home/hanlab/workspace/kiis_2024/src/install/custom_interfaces/include/custom_interfaces/custom_interfaces/msg/rosidl_typesupport_fastrtps_c__visibility_control.h
-- Symlinking: /home/hanlab/workspace/kiis_2024/src/install/custom_interfaces/include/custom_interfaces/custom_interfaces/srv/detail/get_positions__rosidl_typesupport_fastrtps_c.h
-- Symlinking: /home/hanlab/workspace/kiis_2024/src/install/custom_interfaces/include/custom_interfaces/custom_interfaces/srv/detail/set_position__rosidl_typesupport_fastrtps_c.h
-- Symlinking: /home/hanlab/workspace/kiis_2024/src/install/custom_interfaces/include/custom_interfaces/custom_interfaces/srv/detail/set_positions__rosidl_typesupport_fastrtps_c.h
-- Symlinking: /home/hanlab/workspace/kiis_2024/src/install/custom_interfaces/include/custom_interfaces/custom_interfaces/msg/detail/get_sensordata__rosidl_typesupport_introspection_c.h
-- Symlinking: /home/hanlab/workspace/kiis_2024/src/install/custom_interfaces/include/custom_interfaces/custom_interfaces/msg/detail/set_positions__rosidl_typesupport_introspection_c.h
-- Symlinking: /home/hanlab/workspace/kiis_2024/src/install/custom_interfaces/include/custom_interfaces/custom_interfaces/msg/rosidl_typesupport_introspection_c__visibility_control.h
-- Symlinking: /home/hanlab/workspace/kiis_2024/src/install/custom_interfaces/include/custom_interfaces/custom_interfaces/srv/detail/get_positions__rosidl_typesupport_introspection_c.h
-- Symlinking: /home/hanlab/workspace/kiis_2024/src/install/custom_interfaces/include/custom_interfaces/custom_interfaces/srv/detail/set_position__rosidl_typesupport_introspection_c.h
-- Symlinking: /home/hanlab/workspace/kiis_2024/src/install/custom_interfaces/include/custom_interfaces/custom_interfaces/srv/detail/set_positions__rosidl_typesupport_introspection_c.h
-- Symlinking: /home/hanlab/workspace/kiis_2024/src/install/custom_interfaces/include/custom_interfaces/custom_interfaces/msg/detail/get_sensordata__builder.hpp
-- Symlinking: /home/hanlab/workspace/kiis_2024/src/install/custom_interfaces/include/custom_interfaces/custom_interfaces/msg/detail/get_sensordata__struct.hpp
-- Symlinking: /home/hanlab/workspace/kiis_2024/src/install/custom_interfaces/include/custom_interfaces/custom_interfaces/msg/detail/get_sensordata__traits.hpp
-- Symlinking: /home/hanlab/workspace/kiis_2024/src/install/custom_interfaces/include/custom_interfaces/custom_interfaces/msg/detail/get_sensordata__type_support.hpp
-- Symlinking: /home/hanlab/workspace/kiis_2024/src/install/custom_interfaces/include/custom_interfaces/custom_interfaces/msg/detail/set_positions__builder.hpp
-- Symlinking: /home/hanlab/workspace/kiis_2024/src/install/custom_interfaces/include/custom_interfaces/custom_interfaces/msg/detail/set_positions__struct.hpp
-- Symlinking: /home/hanlab/workspace/kiis_2024/src/install/custom_interfaces/include/custom_interfaces/custom_interfaces/msg/detail/set_positions__traits.hpp
-- Symlinking: /home/hanlab/workspace/kiis_2024/src/install/custom_interfaces/include/custom_interfaces/custom_interfaces/msg/detail/set_positions__type_support.hpp
-- Symlinking: /home/hanlab/workspace/kiis_2024/src/install/custom_interfaces/include/custom_interfaces/custom_interfaces/msg/get_sensordata.hpp
-- Symlinking: /home/hanlab/workspace/kiis_2024/src/install/custom_interfaces/include/custom_interfaces/custom_interfaces/msg/rosidl_generator_cpp__visibility_control.hpp
-- Symlinking: /home/hanlab/workspace/kiis_2024/src/install/custom_interfaces/include/custom_interfaces/custom_interfaces/msg/set_positions.hpp
-- Symlinking: /home/hanlab/workspace/kiis_2024/src/install/custom_interfaces/include/custom_interfaces/custom_interfaces/srv/detail/get_positions__builder.hpp
-- Symlinking: /home/hanlab/workspace/kiis_2024/src/install/custom_interfaces/include/custom_interfaces/custom_interfaces/srv/detail/get_positions__struct.hpp
-- Symlinking: /home/hanlab/workspace/kiis_2024/src/install/custom_interfaces/include/custom_interfaces/custom_interfaces/srv/detail/get_positions__traits.hpp
-- Symlinking: /home/hanlab/workspace/kiis_2024/src/install/custom_interfaces/include/custom_interfaces/custom_interfaces/srv/detail/get_positions__type_support.hpp
-- Symlinking: /home/hanlab/workspace/kiis_2024/src/install/custom_interfaces/include/custom_interfaces/custom_interfaces/srv/detail/set_position__builder.hpp
-- Symlinking: /home/hanlab/workspace/kiis_2024/src/install/custom_interfaces/include/custom_interfaces/custom_interfaces/srv/detail/set_position__struct.hpp
-- Symlinking: /home/hanlab/workspace/kiis_2024/src/install/custom_interfaces/include/custom_interfaces/custom_interfaces/srv/detail/set_position__traits.hpp
-- Symlinking: /home/hanlab/workspace/kiis_2024/src/install/custom_interfaces/include/custom_interfaces/custom_interfaces/srv/detail/set_position__type_support.hpp
-- Symlinking: /home/hanlab/workspace/kiis_2024/src/install/custom_interfaces/include/custom_interfaces/custom_interfaces/srv/detail/set_positions__builder.hpp
-- Symlinking: /home/hanlab/workspace/kiis_2024/src/install/custom_interfaces/include/custom_interfaces/custom_interfaces/srv/detail/set_positions__struct.hpp
-- Symlinking: /home/hanlab/workspace/kiis_2024/src/install/custom_interfaces/include/custom_interfaces/custom_interfaces/srv/detail/set_positions__traits.hpp
-- Symlinking: /home/hanlab/workspace/kiis_2024/src/install/custom_interfaces/include/custom_interfaces/custom_interfaces/srv/detail/set_positions__type_support.hpp
-- Symlinking: /home/hanlab/workspace/kiis_2024/src/install/custom_interfaces/include/custom_interfaces/custom_interfaces/srv/get_positions.hpp
-- Symlinking: /home/hanlab/workspace/kiis_2024/src/install/custom_interfaces/include/custom_interfaces/custom_interfaces/srv/set_position.hpp
-- Symlinking: /home/hanlab/workspace/kiis_2024/src/install/custom_interfaces/include/custom_interfaces/custom_interfaces/srv/set_positions.hpp
-- Symlinking: /home/hanlab/workspace/kiis_2024/src/install/custom_interfaces/include/custom_interfaces/custom_interfaces/msg/detail/get_sensordata__rosidl_typesupport_fastrtps_cpp.hpp
-- Symlinking: /home/hanlab/workspace/kiis_2024/src/install/custom_interfaces/include/custom_interfaces/custom_interfaces/msg/detail/set_positions__rosidl_typesupport_fastrtps_cpp.hpp
-- Symlinking: /home/hanlab/workspace/kiis_2024/src/install/custom_interfaces/include/custom_interfaces/custom_interfaces/msg/rosidl_typesupport_fastrtps_cpp__visibility_control.h
-- Symlinking: /home/hanlab/workspace/kiis_2024/src/install/custom_interfaces/include/custom_interfaces/custom_interfaces/srv/detail/get_positions__rosidl_typesupport_fastrtps_cpp.hpp
-- Symlinking: /home/hanlab/workspace/kiis_2024/src/install/custom_interfaces/include/custom_interfaces/custom_interfaces/srv/detail/set_position__rosidl_typesupport_fastrtps_cpp.hpp
-- Symlinking: /home/hanlab/workspace/kiis_2024/src/install/custom_interfaces/include/custom_interfaces/custom_interfaces/srv/detail/set_positions__rosidl_typesupport_fastrtps_cpp.hpp
-- Symlinking: /home/hanlab/workspace/kiis_2024/src/install/custom_interfaces/include/custom_interfaces/custom_interfaces/msg/detail/get_sensordata__rosidl_typesupport_introspection_cpp.hpp
-- Symlinking: /home/hanlab/workspace/kiis_2024/src/install/custom_interfaces/include/custom_interfaces/custom_interfaces/msg/detail/set_positions__rosidl_typesupport_introspection_cpp.hpp
-- Symlinking: /home/hanlab/workspace/kiis_2024/src/install/custom_interfaces/include/custom_interfaces/custom_interfaces/srv/detail/get_positions__rosidl_typesupport_introspection_cpp.hpp
-- Symlinking: /home/hanlab/workspace/kiis_2024/src/install/custom_interfaces/include/custom_interfaces/custom_interfaces/srv/detail/set_position__rosidl_typesupport_introspection_cpp.hpp
-- Symlinking: /home/hanlab/workspace/kiis_2024/src/install/custom_interfaces/include/custom_interfaces/custom_interfaces/srv/detail/set_positions__rosidl_typesupport_introspection_cpp.hpp
-- Symlinking: /home/hanlab/workspace/kiis_2024/src/install/custom_interfaces/share/custom_interfaces/environment/pythonpath.sh
-- Symlinking: /home/hanlab/workspace/kiis_2024/src/install/custom_interfaces/share/custom_interfaces/environment/pythonpath.dsv
-- Symlinking: /home/hanlab/workspace/kiis_2024/src/install/custom_interfaces/local/lib/python3.10/dist-packages/custom_interfaces-0.0.0-py3.10.egg-info/PKG-INFO
-- Symlinking: /home/hanlab/workspace/kiis_2024/src/install/custom_interfaces/local/lib/python3.10/dist-packages/custom_interfaces-0.0.0-py3.10.egg-info/SOURCES.txt
-- Symlinking: /home/hanlab/workspace/kiis_2024/src/install/custom_interfaces/local/lib/python3.10/dist-packages/custom_interfaces-0.0.0-py3.10.egg-info/dependency_links.txt
-- Symlinking: /home/hanlab/workspace/kiis_2024/src/install/custom_interfaces/local/lib/python3.10/dist-packages/custom_interfaces-0.0.0-py3.10.egg-info/top_level.txt
-- Symlinking: /home/hanlab/workspace/kiis_2024/src/install/custom_interfaces/local/lib/python3.10/dist-packages/custom_interfaces/__init__.py
-- Symlinking: /home/hanlab/workspace/kiis_2024/src/install/custom_interfaces/local/lib/python3.10/dist-packages/custom_interfaces/_custom_interfaces_s.ep.rosidl_typesupport_c.c
-- Symlinking: /home/hanlab/workspace/kiis_2024/src/install/custom_interfaces/local/lib/python3.10/dist-packages/custom_interfaces/_custom_interfaces_s.ep.rosidl_typesupport_fastrtps_c.c
-- Symlinking: /home/hanlab/workspace/kiis_2024/src/install/custom_interfaces/local/lib/python3.10/dist-packages/custom_interfaces/_custom_interfaces_s.ep.rosidl_typesupport_introspection_c.c
-- Symlinking: /home/hanlab/workspace/kiis_2024/src/install/custom_interfaces/local/lib/python3.10/dist-packages/custom_interfaces/custom_interfaces_s__rosidl_typesupport_c.cpython-310-x86_64-linux-gnu.so
-- Symlinking: /home/hanlab/workspace/kiis_2024/src/install/custom_interfaces/local/lib/python3.10/dist-packages/custom_interfaces/custom_interfaces_s__rosidl_typesupport_fastrtps_c.cpython-310-x86_64-linux-gnu.so
-- Symlinking: /home/hanlab/workspace/kiis_2024/src/install/custom_interfaces/local/lib/python3.10/dist-packages/custom_interfaces/custom_interfaces_s__rosidl_typesupport_introspection_c.cpython-310-x86_64-linux-gnu.so
-- Symlinking: /home/hanlab/workspace/kiis_2024/src/install/custom_interfaces/local/lib/python3.10/dist-packages/custom_interfaces/libcustom_interfaces__rosidl_generator_py.so
-- Symlinking: /home/hanlab/workspace/kiis_2024/src/install/custom_interfaces/local/lib/python3.10/dist-packages/custom_interfaces/msg/__init__.py
-- Symlinking: /home/hanlab/workspace/kiis_2024/src/install/custom_interfaces/local/lib/python3.10/dist-packages/custom_interfaces/msg/_get_sensordata.py
-- Symlinking: /home/hanlab/workspace/kiis_2024/src/install/custom_interfaces/local/lib/python3.10/dist-packages/custom_interfaces/msg/_get_sensordata_s.c
-- Symlinking: /home/hanlab/workspace/kiis_2024/src/install/custom_interfaces/local/lib/python3.10/dist-packages/custom_interfaces/msg/_set_positions.py
-- Symlinking: /home/hanlab/workspace/kiis_2024/src/install/custom_interfaces/local/lib/python3.10/dist-packages/custom_interfaces/msg/_set_positions_s.c
-- Symlinking: /home/hanlab/workspace/kiis_2024/src/install/custom_interfaces/local/lib/python3.10/dist-packages/custom_interfaces/srv/__init__.py
-- Symlinking: /home/hanlab/workspace/kiis_2024/src/install/custom_interfaces/local/lib/python3.10/dist-packages/custom_interfaces/srv/_get_positions.py
-- Symlinking: /home/hanlab/workspace/kiis_2024/src/install/custom_interfaces/local/lib/python3.10/dist-packages/custom_interfaces/srv/_get_positions_s.c
-- Symlinking: /home/hanlab/workspace/kiis_2024/src/install/custom_interfaces/local/lib/python3.10/dist-packages/custom_interfaces/srv/_set_position.py
-- Symlinking: /home/hanlab/workspace/kiis_2024/src/install/custom_interfaces/local/lib/python3.10/dist-packages/custom_interfaces/srv/_set_position_s.c
-- Symlinking: /home/hanlab/workspace/kiis_2024/src/install/custom_interfaces/local/lib/python3.10/dist-packages/custom_interfaces/srv/_set_positions.py
-- Symlinking: /home/hanlab/workspace/kiis_2024/src/install/custom_interfaces/local/lib/python3.10/dist-packages/custom_interfaces/srv/_set_positions_s.c
-- Up-to-date symlink: /home/hanlab/workspace/kiis_2024/src/install/custom_interfaces/local/lib/python3.10/dist-packages/custom_interfaces/custom_interfaces_s__rosidl_typesupport_fastrtps_c.cpython-310-x86_64-linux-gnu.so
-- Up-to-date symlink: /home/hanlab/workspace/kiis_2024/src/install/custom_interfaces/local/lib/python3.10/dist-packages/custom_interfaces/custom_interfaces_s__rosidl_typesupport_introspection_c.cpython-310-x86_64-linux-gnu.so
-- Up-to-date symlink: /home/hanlab/workspace/kiis_2024/src/install/custom_interfaces/local/lib/python3.10/dist-packages/custom_interfaces/custom_interfaces_s__rosidl_typesupport_c.cpython-310-x86_64-linux-gnu.so
-- Symlinking: /home/hanlab/workspace/kiis_2024/src/install/custom_interfaces/share/custom_interfaces/msg/SetPositions.idl
-- Symlinking: /home/hanlab/workspace/kiis_2024/src/install/custom_interfaces/share/custom_interfaces/msg/GetSensordata.idl
-- Symlinking: /home/hanlab/workspace/kiis_2024/src/install/custom_interfaces/share/custom_interfaces/srv/GetPositions.idl
-- Symlinking: /home/hanlab/workspace/kiis_2024/src/install/custom_interfaces/share/custom_interfaces/srv/SetPositions.idl
-- Symlinking: /home/hanlab/workspace/kiis_2024/src/install/custom_interfaces/share/custom_interfaces/srv/SetPosition.idl
-- Symlinking: /home/hanlab/workspace/kiis_2024/src/install/custom_interfaces/share/custom_interfaces/msg/SetPositions.msg
-- Symlinking: /home/hanlab/workspace/kiis_2024/src/install/custom_interfaces/share/custom_interfaces/msg/GetSensordata.msg
-- Symlinking: /home/hanlab/workspace/kiis_2024/src/install/custom_interfaces/share/custom_interfaces/srv/GetPositions.srv
-- Symlinking: /home/hanlab/workspace/kiis_2024/src/install/custom_interfaces/share/custom_interfaces/srv/GetPositions_Request.msg
-- Symlinking: /home/hanlab/workspace/kiis_2024/src/install/custom_interfaces/share/custom_interfaces/srv/GetPositions_Response.msg
-- Symlinking: /home/hanlab/workspace/kiis_2024/src/install/custom_interfaces/share/custom_interfaces/srv/SetPositions.srv
-- Symlinking: /home/hanlab/workspace/kiis_2024/src/install/custom_interfaces/share/custom_interfaces/srv/SetPositions_Request.msg
-- Symlinking: /home/hanlab/workspace/kiis_2024/src/install/custom_interfaces/share/custom_interfaces/srv/SetPositions_Response.msg
-- Symlinking: /home/hanlab/workspace/kiis_2024/src/install/custom_interfaces/share/custom_interfaces/srv/SetPosition.srv
-- Symlinking: /home/hanlab/workspace/kiis_2024/src/install/custom_interfaces/share/custom_interfaces/srv/SetPosition_Request.msg
-- Symlinking: /home/hanlab/workspace/kiis_2024/src/install/custom_interfaces/share/custom_interfaces/srv/SetPosition_Response.msg
-- Symlinking: /home/hanlab/workspace/kiis_2024/src/install/custom_interfaces/share/ament_index/resource_index/package_run_dependencies/custom_interfaces
-- Symlinking: /home/hanlab/workspace/kiis_2024/src/install/custom_interfaces/share/ament_index/resource_index/parent_prefix_path/custom_interfaces
-- Symlinking: /home/hanlab/workspace/kiis_2024/src/install/custom_interfaces/share/custom_interfaces/environment/ament_prefix_path.sh
-- Symlinking: /home/hanlab/workspace/kiis_2024/src/install/custom_interfaces/share/custom_interfaces/environment/ament_prefix_path.dsv
-- Symlinking: /home/hanlab/workspace/kiis_2024/src/install/custom_interfaces/share/custom_interfaces/environment/path.sh
-- Symlinking: /home/hanlab/workspace/kiis_2024/src/install/custom_interfaces/share/custom_interfaces/environment/path.dsv
-- Symlinking: /home/hanlab/workspace/kiis_2024/src/install/custom_interfaces/share/custom_interfaces/local_setup.bash
-- Symlinking: /home/hanlab/workspace/kiis_2024/src/install/custom_interfaces/share/custom_interfaces/local_setup.sh
-- Symlinking: /home/hanlab/workspace/kiis_2024/src/install/custom_interfaces/share/custom_interfaces/local_setup.zsh
-- Symlinking: /home/hanlab/workspace/kiis_2024/src/install/custom_interfaces/share/custom_interfaces/local_setup.dsv
-- Symlinking: /home/hanlab/workspace/kiis_2024/src/install/custom_interfaces/share/custom_interfaces/package.dsv
-- Symlinking: /home/hanlab/workspace/kiis_2024/src/install/custom_interfaces/share/ament_index/resource_index/packages/custom_interfaces
-- Symlinking: /home/hanlab/workspace/kiis_2024/src/install/custom_interfaces/share/custom_interfaces/cmake/rosidl_cmake-extras.cmake
-- Symlinking: /home/hanlab/workspace/kiis_2024/src/install/custom_interfaces/share/custom_interfaces/cmake/ament_cmake_export_include_directories-extras.cmake
-- Symlinking: /home/hanlab/workspace/kiis_2024/src/install/custom_interfaces/share/custom_interfaces/cmake/ament_cmake_export_libraries-extras.cmake
-- Symlinking: /home/hanlab/workspace/kiis_2024/src/install/custom_interfaces/share/custom_interfaces/cmake/ament_cmake_export_targets-extras.cmake
-- Symlinking: /home/hanlab/workspace/kiis_2024/src/install/custom_interfaces/share/custom_interfaces/cmake/rosidl_cmake_export_typesupport_targets-extras.cmake
-- Symlinking: /home/hanlab/workspace/kiis_2024/src/install/custom_interfaces/share/custom_interfaces/cmake/ament_cmake_export_dependencies-extras.cmake
-- Symlinking: /home/hanlab/workspace/kiis_2024/src/install/custom_interfaces/share/custom_interfaces/cmake/rosidl_cmake_export_typesupport_libraries-extras.cmake
-- Symlinking: /home/hanlab/workspace/kiis_2024/src/install/custom_interfaces/share/custom_interfaces/cmake/custom_interfacesConfig.cmake
-- Symlinking: /home/hanlab/workspace/kiis_2024/src/install/custom_interfaces/share/custom_interfaces/cmake/custom_interfacesConfig-version.cmake
-- Symlinking: /home/hanlab/workspace/kiis_2024/src/install/custom_interfaces/share/custom_interfaces/package.xml
-- Installing: /home/hanlab/workspace/kiis_2024/src/install/custom_interfaces/lib/libcustom_interfaces__rosidl_generator_c.so
-- Set runtime path of "/home/hanlab/workspace/kiis_2024/src/install/custom_interfaces/lib/libcustom_interfaces__rosidl_generator_c.so" to ""
-- Installing: /home/hanlab/workspace/kiis_2024/src/install/custom_interfaces/lib/libcustom_interfaces__rosidl_typesupport_fastrtps_c.so
-- Set runtime path of "/home/hanlab/workspace/kiis_2024/src/install/custom_interfaces/lib/libcustom_interfaces__rosidl_typesupport_fastrtps_c.so" to ""
-- Installing: /home/hanlab/workspace/kiis_2024/src/install/custom_interfaces/lib/libcustom_interfaces__rosidl_typesupport_introspection_c.so
-- Set runtime path of "/home/hanlab/workspace/kiis_2024/src/install/custom_interfaces/lib/libcustom_interfaces__rosidl_typesupport_introspection_c.so" to ""
-- Installing: /home/hanlab/workspace/kiis_2024/src/install/custom_interfaces/lib/libcustom_interfaces__rosidl_typesupport_c.so
-- Set runtime path of "/home/hanlab/workspace/kiis_2024/src/install/custom_interfaces/lib/libcustom_interfaces__rosidl_typesupport_c.so" to ""
-- Installing: /home/hanlab/workspace/kiis_2024/src/install/custom_interfaces/lib/libcustom_interfaces__rosidl_typesupport_fastrtps_cpp.so
-- Set runtime path of "/home/hanlab/workspace/kiis_2024/src/install/custom_interfaces/lib/libcustom_interfaces__rosidl_typesupport_fastrtps_cpp.so" to ""
-- Installing: /home/hanlab/workspace/kiis_2024/src/install/custom_interfaces/lib/libcustom_interfaces__rosidl_typesupport_introspection_cpp.so
-- Set runtime path of "/home/hanlab/workspace/kiis_2024/src/install/custom_interfaces/lib/libcustom_interfaces__rosidl_typesupport_introspection_cpp.so" to ""
-- Installing: /home/hanlab/workspace/kiis_2024/src/install/custom_interfaces/lib/libcustom_interfaces__rosidl_typesupport_cpp.so
-- Set runtime path of "/home/hanlab/workspace/kiis_2024/src/install/custom_interfaces/lib/libcustom_interfaces__rosidl_typesupport_cpp.so" to ""
Listing '/home/hanlab/workspace/kiis_2024/src/install/custom_interfaces/local/lib/python3.10/dist-packages/custom_interfaces'...
Compiling '/home/hanlab/workspace/kiis_2024/src/install/custom_interfaces/local/lib/python3.10/dist-packages/custom_interfaces/__init__.py'...
Listing '/home/hanlab/workspace/kiis_2024/src/install/custom_interfaces/local/lib/python3.10/dist-packages/custom_interfaces/msg'...
Compiling '/home/hanlab/workspace/kiis_2024/src/install/custom_interfaces/local/lib/python3.10/dist-packages/custom_interfaces/msg/__init__.py'...
Compiling '/home/hanlab/workspace/kiis_2024/src/install/custom_interfaces/local/lib/python3.10/dist-packages/custom_interfaces/msg/_get_sensordata.py'...
Compiling '/home/hanlab/workspace/kiis_2024/src/install/custom_interfaces/local/lib/python3.10/dist-packages/custom_interfaces/msg/_set_positions.py'...
Listing '/home/hanlab/workspace/kiis_2024/src/install/custom_interfaces/local/lib/python3.10/dist-packages/custom_interfaces/srv'...
Compiling '/home/hanlab/workspace/kiis_2024/src/install/custom_interfaces/local/lib/python3.10/dist-packages/custom_interfaces/srv/__init__.py'...
Compiling '/home/hanlab/workspace/kiis_2024/src/install/custom_interfaces/local/lib/python3.10/dist-packages/custom_interfaces/srv/_get_positions.py'...
Compiling '/home/hanlab/workspace/kiis_2024/src/install/custom_interfaces/local/lib/python3.10/dist-packages/custom_interfaces/srv/_set_position.py'...
Compiling '/home/hanlab/workspace/kiis_2024/src/install/custom_interfaces/local/lib/python3.10/dist-packages/custom_interfaces/srv/_set_positions.py'...
-- Installing: /home/hanlab/workspace/kiis_2024/src/install/custom_interfaces/lib/libcustom_interfaces__rosidl_generator_py.so
-- Set runtime path of "/home/hanlab/workspace/kiis_2024/src/install/custom_interfaces/lib/libcustom_interfaces__rosidl_generator_py.so" to ""
-- Installing: /home/hanlab/workspace/kiis_2024/src/install/custom_interfaces/share/custom_interfaces/cmake/export_custom_interfaces__rosidl_generator_cExport.cmake
-- Installing: /home/hanlab/workspace/kiis_2024/src/install/custom_interfaces/share/custom_interfaces/cmake/export_custom_interfaces__rosidl_generator_cExport-relwithdebinfo.cmake
-- Installing: /home/hanlab/workspace/kiis_2024/src/install/custom_interfaces/share/custom_interfaces/cmake/export_custom_interfaces__rosidl_typesupport_fastrtps_cExport.cmake
-- Installing: /home/hanlab/workspace/kiis_2024/src/install/custom_interfaces/share/custom_interfaces/cmake/export_custom_interfaces__rosidl_typesupport_fastrtps_cExport-relwithdebinfo.cmake
-- Installing: /home/hanlab/workspace/kiis_2024/src/install/custom_interfaces/share/custom_interfaces/cmake/custom_interfaces__rosidl_typesupport_introspection_cExport.cmake
-- Installing: /home/hanlab/workspace/kiis_2024/src/install/custom_interfaces/share/custom_interfaces/cmake/custom_interfaces__rosidl_typesupport_introspection_cExport-relwithdebinfo.cmake
-- Installing: /home/hanlab/workspace/kiis_2024/src/install/custom_interfaces/share/custom_interfaces/cmake/custom_interfaces__rosidl_typesupport_cExport.cmake
-- Installing: /home/hanlab/workspace/kiis_2024/src/install/custom_interfaces/share/custom_interfaces/cmake/custom_interfaces__rosidl_typesupport_cExport-relwithdebinfo.cmake
-- Installing: /home/hanlab/workspace/kiis_2024/src/install/custom_interfaces/share/custom_interfaces/cmake/export_custom_interfaces__rosidl_generator_cppExport.cmake
-- Installing: /home/hanlab/workspace/kiis_2024/src/install/custom_interfaces/share/custom_interfaces/cmake/export_custom_interfaces__rosidl_typesupport_fastrtps_cppExport.cmake
-- Installing: /home/hanlab/workspace/kiis_2024/src/install/custom_interfaces/share/custom_interfaces/cmake/export_custom_interfaces__rosidl_typesupport_fastrtps_cppExport-relwithdebinfo.cmake
-- Installing: /home/hanlab/workspace/kiis_2024/src/install/custom_interfaces/share/custom_interfaces/cmake/custom_interfaces__rosidl_typesupport_introspection_cppExport.cmake
-- Installing: /home/hanlab/workspace/kiis_2024/src/install/custom_interfaces/share/custom_interfaces/cmake/custom_interfaces__rosidl_typesupport_introspection_cppExport-relwithdebinfo.cmake
-- Installing: /home/hanlab/workspace/kiis_2024/src/install/custom_interfaces/share/custom_interfaces/cmake/custom_interfaces__rosidl_typesupport_cppExport.cmake
-- Installing: /home/hanlab/workspace/kiis_2024/src/install/custom_interfaces/share/custom_interfaces/cmake/custom_interfaces__rosidl_typesupport_cppExport-relwithdebinfo.cmake
-- Installing: /home/hanlab/workspace/kiis_2024/src/install/custom_interfaces/share/custom_interfaces/cmake/export_custom_interfaces__rosidl_generator_pyExport.cmake
-- Installing: /home/hanlab/workspace/kiis_2024/src/install/custom_interfaces/share/custom_interfaces/cmake/export_custom_interfaces__rosidl_generator_pyExport-relwithdebinfo.cmake
