[0.013s] Invoking command in '/home/hanlab/workspace/kiis_2024/src/build/custom_interfaces': CMAKE_PREFIX_PATH=${CMAKE_PREFIX_PATH}:/home/hanlab/workspace/kiis_2024/install/dclaw:/opt/ros/humble /usr/bin/cmake /home/hanlab/workspace/kiis_2024/src/custom_interfaces -DCMAKE_BUILD_TYPE=RelWithDebInfo -DAMENT_CMAKE_SYMLINK_INSTALL=1 -DCMAKE_INSTALL_PREFIX=/home/hanlab/workspace/kiis_2024/src/install/custom_interfaces
[0.119s] -- The C compiler identification is GNU 11.4.0
[0.203s] -- The CXX compiler identification is GNU 11.4.0
[0.212s] -- Detecting C compiler ABI info
[0.274s] -- Detecting C compiler ABI info - done
[0.281s] -- Check for working C compiler: /usr/bin/cc - skipped
[0.282s] -- Detecting C compile features
[0.283s] -- Detecting C compile features - done
[0.286s] -- Detecting CXX compiler ABI info
[0.360s] -- Detecting CXX compiler ABI info - done
[0.367s] -- Check for working CXX compiler: /usr/bin/c++ - skipped
[0.367s] -- Detecting CXX compile features
[0.368s] -- Detecting CXX compile features - done
[0.372s] -- Found ament_cmake: 1.3.11 (/opt/ros/humble/share/ament_cmake/cmake)
[0.513s] -- Found Python3: /usr/bin/python3 (found version "3.10.12") found components: Interpreter 
[0.574s] -- Override CMake install command with custom implementation using symlinks instead of copying resources
[0.614s] -- Found rosidl_default_generators: 1.2.0 (/opt/ros/humble/share/rosidl_default_generators/cmake)
[0.618s] -- Using all available rosidl_typesupport_c: rosidl_typesupport_fastrtps_c;rosidl_typesupport_introspection_c
[0.627s] -- Found rosidl_adapter: 3.1.6 (/opt/ros/humble/share/rosidl_adapter/cmake)
[0.680s] -- Using all available rosidl_typesupport_cpp: rosidl_typesupport_fastrtps_cpp;rosidl_typesupport_introspection_cpp
[0.993s] -- Found ament_cmake_ros: 0.10.0 (/opt/ros/humble/share/ament_cmake_ros/cmake)
[1.195s] -- Using all available rosidl_typesupport_c: rosidl_typesupport_fastrtps_c;rosidl_typesupport_introspection_c
[1.425s] -- Using all available rosidl_typesupport_cpp: rosidl_typesupport_fastrtps_cpp;rosidl_typesupport_introspection_cpp
[1.446s] -- Found PythonInterp: /usr/bin/python3 (found suitable version "3.10.12", minimum required is "3.6") 
[1.447s] -- Found python_cmake_module: 0.10.0 (/opt/ros/humble/share/python_cmake_module/cmake)
[1.471s] -- Found PythonLibs: /usr/lib/x86_64-linux-gnu/libpython3.10.so (found suitable version "3.10.12", minimum required is "3.5") 
[1.472s] -- Using PYTHON_EXECUTABLE: /usr/bin/python3
[1.472s] -- Using PYTHON_INCLUDE_DIRS: /usr/include/python3.10
[1.472s] -- Using PYTHON_LIBRARIES: /usr/lib/x86_64-linux-gnu/libpython3.10.so
[1.493s] -- Found PythonExtra: .so  
[1.532s] -- Found ament_lint_auto: 0.12.11 (/opt/ros/humble/share/ament_lint_auto/cmake)
[1.562s] -- Added test 'lint_cmake' to check CMake code style
[1.564s] -- Added test 'xmllint' to check XML markup files
[1.567s] -- Configuring done
[1.599s] -- Generating done
[1.608s] -- Build files have been written to: /home/hanlab/workspace/kiis_2024/src/build/custom_interfaces
[1.613s] Invoked command in '/home/hanlab/workspace/kiis_2024/src/build/custom_interfaces' returned '0': CMAKE_PREFIX_PATH=${CMAKE_PREFIX_PATH}:/home/hanlab/workspace/kiis_2024/install/dclaw:/opt/ros/humble /usr/bin/cmake /home/hanlab/workspace/kiis_2024/src/custom_interfaces -DCMAKE_BUILD_TYPE=RelWithDebInfo -DAMENT_CMAKE_SYMLINK_INSTALL=1 -DCMAKE_INSTALL_PREFIX=/home/hanlab/workspace/kiis_2024/src/install/custom_interfaces
[1.616s] Invoking command in '/home/hanlab/workspace/kiis_2024/src/build/custom_interfaces': CMAKE_PREFIX_PATH=${CMAKE_PREFIX_PATH}:/home/hanlab/workspace/kiis_2024/install/dclaw:/opt/ros/humble /usr/bin/cmake --build /home/hanlab/workspace/kiis_2024/src/build/custom_interfaces -- -j12 -l12
[1.650s] [  1%] [34m[1mGenerating C code for ROS interfaces[0m
[1.659s] [  3%] [34m[1mGenerating C++ code for ROS interfaces[0m
[1.666s] [  3%] Built target ament_cmake_python_symlink_custom_interfaces
[1.948s] running egg_info
[1.948s] creating custom_interfaces.egg-info
[1.948s] writing custom_interfaces.egg-info/PKG-INFO
[1.948s] writing dependency_links to custom_interfaces.egg-info/dependency_links.txt
[1.949s] writing top-level names to custom_interfaces.egg-info/top_level.txt
[1.950s] writing manifest file 'custom_interfaces.egg-info/SOURCES.txt'
[1.951s] reading manifest file 'custom_interfaces.egg-info/SOURCES.txt'
[1.952s] writing manifest file 'custom_interfaces.egg-info/SOURCES.txt'
[1.975s] [  3%] Built target ament_cmake_python_build_custom_interfaces_egg
[2.198s] [  6%] [32mBuilding C object CMakeFiles/custom_interfaces__rosidl_generator_c.dir/rosidl_generator_c/custom_interfaces/srv/detail/get_positions__functions.c.o[0m
[2.198s] [  6%] [32mBuilding C object CMakeFiles/custom_interfaces__rosidl_generator_c.dir/rosidl_generator_c/custom_interfaces/msg/detail/get_sensordata__functions.c.o[0m
[2.198s] [  7%] [32mBuilding C object CMakeFiles/custom_interfaces__rosidl_generator_c.dir/rosidl_generator_c/custom_interfaces/msg/detail/set_positions__functions.c.o[0m
[2.198s] [  9%] [32mBuilding C object CMakeFiles/custom_interfaces__rosidl_generator_c.dir/rosidl_generator_c/custom_interfaces/srv/detail/set_position__functions.c.o[0m
[2.199s] [ 11%] [32mBuilding C object CMakeFiles/custom_interfaces__rosidl_generator_c.dir/rosidl_generator_c/custom_interfaces/srv/detail/set_positions__functions.c.o[0m
[2.266s] [ 11%] Built target custom_interfaces__cpp
[2.278s] [ 12%] [34m[1mGenerating C++ type support dispatch for ROS interfaces[0m
[2.279s] [ 14%] [34m[1mGenerating C++ introspection for ROS interfaces[0m
[2.279s] [ 15%] [34m[1mGenerating C++ type support for eProsima Fast-RTPS[0m
[2.367s] [ 17%] [32m[1mLinking C shared library libcustom_interfaces__rosidl_generator_c.so[0m
[2.402s] [ 17%] Built target custom_interfaces__rosidl_generator_c
[2.412s] [ 19%] [34m[1mGenerating C type support for eProsima Fast-RTPS[0m
[2.412s] [ 20%] [34m[1mGenerating C type support dispatch for ROS interfaces[0m
[2.413s] [ 22%] [34m[1mGenerating C introspection for ROS interfaces[0m
[2.724s] [ 25%] [32mBuilding CXX object CMakeFiles/custom_interfaces__rosidl_typesupport_cpp.dir/rosidl_typesupport_cpp/custom_interfaces/msg/set_positions__type_support.cpp.o[0m
[2.724s] [ 25%] [32mBuilding CXX object CMakeFiles/custom_interfaces__rosidl_typesupport_cpp.dir/rosidl_typesupport_cpp/custom_interfaces/msg/get_sensordata__type_support.cpp.o[0m
[2.725s] [ 26%] [32mBuilding CXX object CMakeFiles/custom_interfaces__rosidl_typesupport_cpp.dir/rosidl_typesupport_cpp/custom_interfaces/srv/set_positions__type_support.cpp.o[0m
[2.725s] [ 30%] [32mBuilding CXX object CMakeFiles/custom_interfaces__rosidl_typesupport_cpp.dir/rosidl_typesupport_cpp/custom_interfaces/srv/get_positions__type_support.cpp.o[0m
[2.725s] [ 30%] [32mBuilding CXX object CMakeFiles/custom_interfaces__rosidl_typesupport_cpp.dir/rosidl_typesupport_cpp/custom_interfaces/srv/set_position__type_support.cpp.o[0m
[2.806s] [ 31%] [32mBuilding CXX object CMakeFiles/custom_interfaces__rosidl_typesupport_introspection_cpp.dir/rosidl_typesupport_introspection_cpp/custom_interfaces/msg/detail/set_positions__type_support.cpp.o[0m
[2.806s] [ 33%] [32mBuilding CXX object CMakeFiles/custom_interfaces__rosidl_typesupport_introspection_cpp.dir/rosidl_typesupport_introspection_cpp/custom_interfaces/msg/detail/get_sensordata__type_support.cpp.o[0m
[2.809s] [ 34%] [32mBuilding CXX object CMakeFiles/custom_interfaces__rosidl_typesupport_introspection_cpp.dir/rosidl_typesupport_introspection_cpp/custom_interfaces/srv/detail/get_positions__type_support.cpp.o[0m
[2.943s] [ 36%] [32mBuilding CXX object CMakeFiles/custom_interfaces__rosidl_typesupport_c.dir/rosidl_typesupport_c/custom_interfaces/msg/set_positions__type_support.cpp.o[0m
[3.002s] [ 38%] [32mBuilding CXX object CMakeFiles/custom_interfaces__rosidl_typesupport_c.dir/rosidl_typesupport_c/custom_interfaces/msg/get_sensordata__type_support.cpp.o[0m
[3.053s] [ 39%] [32mBuilding CXX object CMakeFiles/custom_interfaces__rosidl_typesupport_fastrtps_cpp.dir/rosidl_typesupport_fastrtps_cpp/custom_interfaces/msg/detail/dds_fastrtps/set_positions__type_support.cpp.o[0m
[3.054s] [ 41%] [32mBuilding CXX object CMakeFiles/custom_interfaces__rosidl_typesupport_c.dir/rosidl_typesupport_c/custom_interfaces/srv/get_positions__type_support.cpp.o[0m
[3.109s] [ 42%] [32mBuilding CXX object CMakeFiles/custom_interfaces__rosidl_typesupport_c.dir/rosidl_typesupport_c/custom_interfaces/srv/set_positions__type_support.cpp.o[0m
[3.190s] [ 44%] [32mBuilding CXX object CMakeFiles/custom_interfaces__rosidl_typesupport_c.dir/rosidl_typesupport_c/custom_interfaces/srv/set_position__type_support.cpp.o[0m
[3.203s] [ 46%] [32mBuilding CXX object CMakeFiles/custom_interfaces__rosidl_typesupport_fastrtps_cpp.dir/rosidl_typesupport_fastrtps_cpp/custom_interfaces/msg/detail/dds_fastrtps/get_sensordata__type_support.cpp.o[0m
[3.203s] [ 47%] [32mBuilding CXX object CMakeFiles/custom_interfaces__rosidl_typesupport_introspection_cpp.dir/rosidl_typesupport_introspection_cpp/custom_interfaces/srv/detail/set_positions__type_support.cpp.o[0m
[3.208s] [ 49%] [32mBuilding CXX object CMakeFiles/custom_interfaces__rosidl_typesupport_introspection_cpp.dir/rosidl_typesupport_introspection_cpp/custom_interfaces/srv/detail/set_position__type_support.cpp.o[0m
[3.211s] [ 50%] [32mBuilding CXX object CMakeFiles/custom_interfaces__rosidl_typesupport_fastrtps_c.dir/rosidl_typesupport_fastrtps_c/custom_interfaces/msg/detail/set_positions__type_support_c.cpp.o[0m
[3.213s] [ 52%] [32mBuilding C object CMakeFiles/custom_interfaces__rosidl_typesupport_introspection_c.dir/rosidl_typesupport_introspection_c/custom_interfaces/msg/detail/get_sensordata__type_support.c.o[0m
[3.214s] [ 53%] [32mBuilding C object CMakeFiles/custom_interfaces__rosidl_typesupport_introspection_c.dir/rosidl_typesupport_introspection_c/custom_interfaces/msg/detail/set_positions__type_support.c.o[0m
[3.230s] [ 55%] [32m[1mLinking CXX shared library libcustom_interfaces__rosidl_typesupport_cpp.so[0m
[3.252s] [ 57%] [32m[1mLinking CXX shared library libcustom_interfaces__rosidl_typesupport_c.so[0m
[3.281s] [ 58%] [32mBuilding CXX object CMakeFiles/custom_interfaces__rosidl_typesupport_fastrtps_c.dir/rosidl_typesupport_fastrtps_c/custom_interfaces/msg/detail/get_sensordata__type_support_c.cpp.o[0m
[3.308s] [ 58%] Built target custom_interfaces__rosidl_typesupport_cpp
[3.334s] [ 60%] [32mBuilding CXX object CMakeFiles/custom_interfaces__rosidl_typesupport_fastrtps_c.dir/rosidl_typesupport_fastrtps_c/custom_interfaces/srv/detail/get_positions__type_support_c.cpp.o[0m
[3.335s] [ 61%] [32mBuilding C object CMakeFiles/custom_interfaces__rosidl_typesupport_introspection_c.dir/rosidl_typesupport_introspection_c/custom_interfaces/srv/detail/get_positions__type_support.c.o[0m
[3.345s] [ 61%] Built target custom_interfaces__rosidl_typesupport_c
[3.359s] [ 63%] [32mBuilding CXX object CMakeFiles/custom_interfaces__rosidl_typesupport_fastrtps_c.dir/rosidl_typesupport_fastrtps_c/custom_interfaces/srv/detail/set_positions__type_support_c.cpp.o[0m
[3.413s] [ 65%] [32mBuilding C object CMakeFiles/custom_interfaces__rosidl_typesupport_introspection_c.dir/rosidl_typesupport_introspection_c/custom_interfaces/srv/detail/set_positions__type_support.c.o[0m
[3.516s] [ 66%] [32mBuilding CXX object CMakeFiles/custom_interfaces__rosidl_typesupport_fastrtps_c.dir/rosidl_typesupport_fastrtps_c/custom_interfaces/srv/detail/set_position__type_support_c.cpp.o[0m
[3.543s] [ 68%] [32mBuilding C object CMakeFiles/custom_interfaces__rosidl_typesupport_introspection_c.dir/rosidl_typesupport_introspection_c/custom_interfaces/srv/detail/set_position__type_support.c.o[0m
[3.570s] [ 69%] [32mBuilding CXX object CMakeFiles/custom_interfaces__rosidl_typesupport_fastrtps_cpp.dir/rosidl_typesupport_fastrtps_cpp/custom_interfaces/srv/detail/dds_fastrtps/get_positions__type_support.cpp.o[0m
[3.614s] [ 71%] [32m[1mLinking C shared library libcustom_interfaces__rosidl_typesupport_introspection_c.so[0m
[3.622s] [ 73%] [32mBuilding CXX object CMakeFiles/custom_interfaces__rosidl_typesupport_fastrtps_cpp.dir/rosidl_typesupport_fastrtps_cpp/custom_interfaces/srv/detail/dds_fastrtps/set_positions__type_support.cpp.o[0m
[3.662s] [ 73%] Built target custom_interfaces__rosidl_typesupport_introspection_c
[3.675s] [ 74%] [32mBuilding CXX object CMakeFiles/custom_interfaces__rosidl_typesupport_fastrtps_cpp.dir/rosidl_typesupport_fastrtps_cpp/custom_interfaces/srv/detail/dds_fastrtps/set_position__type_support.cpp.o[0m
[4.009s] [ 76%] [32m[1mLinking CXX shared library libcustom_interfaces__rosidl_typesupport_introspection_cpp.so[0m
[4.071s] [ 77%] [32m[1mLinking CXX shared library libcustom_interfaces__rosidl_typesupport_fastrtps_c.so[0m
[4.098s] [ 77%] Built target custom_interfaces__rosidl_typesupport_introspection_cpp
[4.161s] [ 77%] Built target custom_interfaces__rosidl_typesupport_fastrtps_c
[4.288s] [ 79%] [32m[1mLinking CXX shared library libcustom_interfaces__rosidl_typesupport_fastrtps_cpp.so[0m
[4.359s] [ 79%] Built target custom_interfaces__rosidl_typesupport_fastrtps_cpp
[4.377s] [ 79%] Built target custom_interfaces
[4.395s] [ 80%] [34m[1mGenerating Python code for ROS interfaces[0m
[5.245s] [ 80%] Built target custom_interfaces__py
[5.263s] [ 85%] [32mBuilding C object CMakeFiles/custom_interfaces__rosidl_generator_py.dir/rosidl_generator_py/custom_interfaces/msg/_set_positions_s.c.o[0m
[5.263s] [ 85%] [32mBuilding C object CMakeFiles/custom_interfaces__rosidl_generator_py.dir/rosidl_generator_py/custom_interfaces/msg/_get_sensordata_s.c.o[0m
[5.264s] [ 85%] [32mBuilding C object CMakeFiles/custom_interfaces__rosidl_generator_py.dir/rosidl_generator_py/custom_interfaces/srv/_get_positions_s.c.o[0m
[5.264s] [ 87%] [32mBuilding C object CMakeFiles/custom_interfaces__rosidl_generator_py.dir/rosidl_generator_py/custom_interfaces/srv/_set_positions_s.c.o[0m
[5.264s] [ 88%] [32mBuilding C object CMakeFiles/custom_interfaces__rosidl_generator_py.dir/rosidl_generator_py/custom_interfaces/srv/_set_position_s.c.o[0m
[5.492s] [ 90%] [32m[1mLinking C shared library rosidl_generator_py/custom_interfaces/libcustom_interfaces__rosidl_generator_py.so[0m
[5.528s] [ 90%] Built target custom_interfaces__rosidl_generator_py
[5.546s] [ 95%] [32mBuilding C object CMakeFiles/custom_interfaces__rosidl_typesupport_c__pyext.dir/rosidl_generator_py/custom_interfaces/_custom_interfaces_s.ep.rosidl_typesupport_c.c.o[0m
[5.546s] [ 95%] [32mBuilding C object CMakeFiles/custom_interfaces__rosidl_typesupport_introspection_c__pyext.dir/rosidl_generator_py/custom_interfaces/_custom_interfaces_s.ep.rosidl_typesupport_introspection_c.c.o[0m
[5.546s] [ 95%] [32mBuilding C object CMakeFiles/custom_interfaces__rosidl_typesupport_fastrtps_c__pyext.dir/rosidl_generator_py/custom_interfaces/_custom_interfaces_s.ep.rosidl_typesupport_fastrtps_c.c.o[0m
[5.736s] [ 96%] [32m[1mLinking C shared library rosidl_generator_py/custom_interfaces/custom_interfaces_s__rosidl_typesupport_introspection_c.cpython-310-x86_64-linux-gnu.so[0m
[5.736s] [ 98%] [32m[1mLinking C shared library rosidl_generator_py/custom_interfaces/custom_interfaces_s__rosidl_typesupport_c.cpython-310-x86_64-linux-gnu.so[0m
[5.744s] [100%] [32m[1mLinking C shared library rosidl_generator_py/custom_interfaces/custom_interfaces_s__rosidl_typesupport_fastrtps_c.cpython-310-x86_64-linux-gnu.so[0m
[5.767s] [100%] Built target custom_interfaces__rosidl_typesupport_c__pyext
[5.767s] [100%] Built target custom_interfaces__rosidl_typesupport_introspection_c__pyext
[5.776s] [100%] Built target custom_interfaces__rosidl_typesupport_fastrtps_c__pyext
[5.788s] Invoked command in '/home/hanlab/workspace/kiis_2024/src/build/custom_interfaces' returned '0': CMAKE_PREFIX_PATH=${CMAKE_PREFIX_PATH}:/home/hanlab/workspace/kiis_2024/install/dclaw:/opt/ros/humble /usr/bin/cmake --build /home/hanlab/workspace/kiis_2024/src/build/custom_interfaces -- -j12 -l12
[5.797s] Invoking command in '/home/hanlab/workspace/kiis_2024/src/build/custom_interfaces': CMAKE_PREFIX_PATH=${CMAKE_PREFIX_PATH}:/home/hanlab/workspace/kiis_2024/install/dclaw:/opt/ros/humble /usr/bin/cmake --install /home/hanlab/workspace/kiis_2024/src/build/custom_interfaces
[5.803s] -- Install configuration: "RelWithDebInfo"
[5.804s] -- Execute custom install script
[5.804s] -- Symlinking: /home/hanlab/workspace/kiis_2024/src/install/custom_interfaces/share/ament_index/resource_index/rosidl_interfaces/custom_interfaces
[5.812s] -- Symlinking: /home/hanlab/workspace/kiis_2024/src/install/custom_interfaces/include/custom_interfaces/custom_interfaces/msg/detail/get_sensordata__functions.h
[5.819s] -- Symlinking: /home/hanlab/workspace/kiis_2024/src/install/custom_interfaces/include/custom_interfaces/custom_interfaces/msg/detail/get_sensordata__struct.h
[5.827s] -- Symlinking: /home/hanlab/workspace/kiis_2024/src/install/custom_interfaces/include/custom_interfaces/custom_interfaces/msg/detail/get_sensordata__type_support.h
[5.834s] -- Symlinking: /home/hanlab/workspace/kiis_2024/src/install/custom_interfaces/include/custom_interfaces/custom_interfaces/msg/detail/set_positions__functions.h
[5.843s] -- Symlinking: /home/hanlab/workspace/kiis_2024/src/install/custom_interfaces/include/custom_interfaces/custom_interfaces/msg/detail/set_positions__struct.h
[5.850s] -- Symlinking: /home/hanlab/workspace/kiis_2024/src/install/custom_interfaces/include/custom_interfaces/custom_interfaces/msg/detail/set_positions__type_support.h
[5.858s] -- Symlinking: /home/hanlab/workspace/kiis_2024/src/install/custom_interfaces/include/custom_interfaces/custom_interfaces/msg/get_sensordata.h
[5.865s] -- Symlinking: /home/hanlab/workspace/kiis_2024/src/install/custom_interfaces/include/custom_interfaces/custom_interfaces/msg/rosidl_generator_c__visibility_control.h
[5.872s] -- Symlinking: /home/hanlab/workspace/kiis_2024/src/install/custom_interfaces/include/custom_interfaces/custom_interfaces/msg/set_positions.h
[5.879s] -- Symlinking: /home/hanlab/workspace/kiis_2024/src/install/custom_interfaces/include/custom_interfaces/custom_interfaces/srv/detail/get_positions__functions.h
[5.886s] -- Symlinking: /home/hanlab/workspace/kiis_2024/src/install/custom_interfaces/include/custom_interfaces/custom_interfaces/srv/detail/get_positions__struct.h
[5.894s] -- Symlinking: /home/hanlab/workspace/kiis_2024/src/install/custom_interfaces/include/custom_interfaces/custom_interfaces/srv/detail/get_positions__type_support.h
[5.902s] -- Symlinking: /home/hanlab/workspace/kiis_2024/src/install/custom_interfaces/include/custom_interfaces/custom_interfaces/srv/detail/set_position__functions.h
[5.909s] -- Symlinking: /home/hanlab/workspace/kiis_2024/src/install/custom_interfaces/include/custom_interfaces/custom_interfaces/srv/detail/set_position__struct.h
[5.917s] -- Symlinking: /home/hanlab/workspace/kiis_2024/src/install/custom_interfaces/include/custom_interfaces/custom_interfaces/srv/detail/set_position__type_support.h
[5.924s] -- Symlinking: /home/hanlab/workspace/kiis_2024/src/install/custom_interfaces/include/custom_interfaces/custom_interfaces/srv/detail/set_positions__functions.h
[5.931s] -- Symlinking: /home/hanlab/workspace/kiis_2024/src/install/custom_interfaces/include/custom_interfaces/custom_interfaces/srv/detail/set_positions__struct.h
[5.939s] -- Symlinking: /home/hanlab/workspace/kiis_2024/src/install/custom_interfaces/include/custom_interfaces/custom_interfaces/srv/detail/set_positions__type_support.h
[5.947s] -- Symlinking: /home/hanlab/workspace/kiis_2024/src/install/custom_interfaces/include/custom_interfaces/custom_interfaces/srv/get_positions.h
[5.955s] -- Symlinking: /home/hanlab/workspace/kiis_2024/src/install/custom_interfaces/include/custom_interfaces/custom_interfaces/srv/set_position.h
[5.963s] -- Symlinking: /home/hanlab/workspace/kiis_2024/src/install/custom_interfaces/include/custom_interfaces/custom_interfaces/srv/set_positions.h
[5.970s] -- Symlinking: /home/hanlab/workspace/kiis_2024/src/install/custom_interfaces/share/custom_interfaces/environment/library_path.sh
[5.977s] -- Symlinking: /home/hanlab/workspace/kiis_2024/src/install/custom_interfaces/share/custom_interfaces/environment/library_path.dsv
[5.985s] -- Symlinking: /home/hanlab/workspace/kiis_2024/src/install/custom_interfaces/include/custom_interfaces/custom_interfaces/msg/detail/get_sensordata__rosidl_typesupport_fastrtps_c.h
[5.992s] -- Symlinking: /home/hanlab/workspace/kiis_2024/src/install/custom_interfaces/include/custom_interfaces/custom_interfaces/msg/detail/set_positions__rosidl_typesupport_fastrtps_c.h
[6.000s] -- Symlinking: /home/hanlab/workspace/kiis_2024/src/install/custom_interfaces/include/custom_interfaces/custom_interfaces/msg/rosidl_typesupport_fastrtps_c__visibility_control.h
[6.007s] -- Symlinking: /home/hanlab/workspace/kiis_2024/src/install/custom_interfaces/include/custom_interfaces/custom_interfaces/srv/detail/get_positions__rosidl_typesupport_fastrtps_c.h
[6.014s] -- Symlinking: /home/hanlab/workspace/kiis_2024/src/install/custom_interfaces/include/custom_interfaces/custom_interfaces/srv/detail/set_position__rosidl_typesupport_fastrtps_c.h
[6.022s] -- Symlinking: /home/hanlab/workspace/kiis_2024/src/install/custom_interfaces/include/custom_interfaces/custom_interfaces/srv/detail/set_positions__rosidl_typesupport_fastrtps_c.h
[6.030s] -- Symlinking: /home/hanlab/workspace/kiis_2024/src/install/custom_interfaces/include/custom_interfaces/custom_interfaces/msg/detail/get_sensordata__rosidl_typesupport_introspection_c.h
[6.038s] -- Symlinking: /home/hanlab/workspace/kiis_2024/src/install/custom_interfaces/include/custom_interfaces/custom_interfaces/msg/detail/set_positions__rosidl_typesupport_introspection_c.h
[6.045s] -- Symlinking: /home/hanlab/workspace/kiis_2024/src/install/custom_interfaces/include/custom_interfaces/custom_interfaces/msg/rosidl_typesupport_introspection_c__visibility_control.h
[6.052s] -- Symlinking: /home/hanlab/workspace/kiis_2024/src/install/custom_interfaces/include/custom_interfaces/custom_interfaces/srv/detail/get_positions__rosidl_typesupport_introspection_c.h
[6.060s] -- Symlinking: /home/hanlab/workspace/kiis_2024/src/install/custom_interfaces/include/custom_interfaces/custom_interfaces/srv/detail/set_position__rosidl_typesupport_introspection_c.h
[6.067s] -- Symlinking: /home/hanlab/workspace/kiis_2024/src/install/custom_interfaces/include/custom_interfaces/custom_interfaces/srv/detail/set_positions__rosidl_typesupport_introspection_c.h
[6.075s] -- Symlinking: /home/hanlab/workspace/kiis_2024/src/install/custom_interfaces/include/custom_interfaces/custom_interfaces/msg/detail/get_sensordata__builder.hpp
[6.083s] -- Symlinking: /home/hanlab/workspace/kiis_2024/src/install/custom_interfaces/include/custom_interfaces/custom_interfaces/msg/detail/get_sensordata__struct.hpp
[6.090s] -- Symlinking: /home/hanlab/workspace/kiis_2024/src/install/custom_interfaces/include/custom_interfaces/custom_interfaces/msg/detail/get_sensordata__traits.hpp
[6.098s] -- Symlinking: /home/hanlab/workspace/kiis_2024/src/install/custom_interfaces/include/custom_interfaces/custom_interfaces/msg/detail/get_sensordata__type_support.hpp
[6.106s] -- Symlinking: /home/hanlab/workspace/kiis_2024/src/install/custom_interfaces/include/custom_interfaces/custom_interfaces/msg/detail/set_positions__builder.hpp
[6.114s] -- Symlinking: /home/hanlab/workspace/kiis_2024/src/install/custom_interfaces/include/custom_interfaces/custom_interfaces/msg/detail/set_positions__struct.hpp
[6.121s] -- Symlinking: /home/hanlab/workspace/kiis_2024/src/install/custom_interfaces/include/custom_interfaces/custom_interfaces/msg/detail/set_positions__traits.hpp
[6.128s] -- Symlinking: /home/hanlab/workspace/kiis_2024/src/install/custom_interfaces/include/custom_interfaces/custom_interfaces/msg/detail/set_positions__type_support.hpp
[6.136s] -- Symlinking: /home/hanlab/workspace/kiis_2024/src/install/custom_interfaces/include/custom_interfaces/custom_interfaces/msg/get_sensordata.hpp
[6.144s] -- Symlinking: /home/hanlab/workspace/kiis_2024/src/install/custom_interfaces/include/custom_interfaces/custom_interfaces/msg/rosidl_generator_cpp__visibility_control.hpp
[6.151s] -- Symlinking: /home/hanlab/workspace/kiis_2024/src/install/custom_interfaces/include/custom_interfaces/custom_interfaces/msg/set_positions.hpp
[6.159s] -- Symlinking: /home/hanlab/workspace/kiis_2024/src/install/custom_interfaces/include/custom_interfaces/custom_interfaces/srv/detail/get_positions__builder.hpp
[6.166s] -- Symlinking: /home/hanlab/workspace/kiis_2024/src/install/custom_interfaces/include/custom_interfaces/custom_interfaces/srv/detail/get_positions__struct.hpp
[6.174s] -- Symlinking: /home/hanlab/workspace/kiis_2024/src/install/custom_interfaces/include/custom_interfaces/custom_interfaces/srv/detail/get_positions__traits.hpp
[6.181s] -- Symlinking: /home/hanlab/workspace/kiis_2024/src/install/custom_interfaces/include/custom_interfaces/custom_interfaces/srv/detail/get_positions__type_support.hpp
[6.189s] -- Symlinking: /home/hanlab/workspace/kiis_2024/src/install/custom_interfaces/include/custom_interfaces/custom_interfaces/srv/detail/set_position__builder.hpp
[6.197s] -- Symlinking: /home/hanlab/workspace/kiis_2024/src/install/custom_interfaces/include/custom_interfaces/custom_interfaces/srv/detail/set_position__struct.hpp
[6.205s] -- Symlinking: /home/hanlab/workspace/kiis_2024/src/install/custom_interfaces/include/custom_interfaces/custom_interfaces/srv/detail/set_position__traits.hpp
[6.212s] -- Symlinking: /home/hanlab/workspace/kiis_2024/src/install/custom_interfaces/include/custom_interfaces/custom_interfaces/srv/detail/set_position__type_support.hpp
[6.220s] -- Symlinking: /home/hanlab/workspace/kiis_2024/src/install/custom_interfaces/include/custom_interfaces/custom_interfaces/srv/detail/set_positions__builder.hpp
[6.228s] -- Symlinking: /home/hanlab/workspace/kiis_2024/src/install/custom_interfaces/include/custom_interfaces/custom_interfaces/srv/detail/set_positions__struct.hpp
[6.235s] -- Symlinking: /home/hanlab/workspace/kiis_2024/src/install/custom_interfaces/include/custom_interfaces/custom_interfaces/srv/detail/set_positions__traits.hpp
[6.245s] -- Symlinking: /home/hanlab/workspace/kiis_2024/src/install/custom_interfaces/include/custom_interfaces/custom_interfaces/srv/detail/set_positions__type_support.hpp
[6.254s] -- Symlinking: /home/hanlab/workspace/kiis_2024/src/install/custom_interfaces/include/custom_interfaces/custom_interfaces/srv/get_positions.hpp
[6.262s] -- Symlinking: /home/hanlab/workspace/kiis_2024/src/install/custom_interfaces/include/custom_interfaces/custom_interfaces/srv/set_position.hpp
[6.272s] -- Symlinking: /home/hanlab/workspace/kiis_2024/src/install/custom_interfaces/include/custom_interfaces/custom_interfaces/srv/set_positions.hpp
[6.282s] -- Symlinking: /home/hanlab/workspace/kiis_2024/src/install/custom_interfaces/include/custom_interfaces/custom_interfaces/msg/detail/get_sensordata__rosidl_typesupport_fastrtps_cpp.hpp
[6.290s] -- Symlinking: /home/hanlab/workspace/kiis_2024/src/install/custom_interfaces/include/custom_interfaces/custom_interfaces/msg/detail/set_positions__rosidl_typesupport_fastrtps_cpp.hpp
[6.298s] -- Symlinking: /home/hanlab/workspace/kiis_2024/src/install/custom_interfaces/include/custom_interfaces/custom_interfaces/msg/rosidl_typesupport_fastrtps_cpp__visibility_control.h
[6.305s] -- Symlinking: /home/hanlab/workspace/kiis_2024/src/install/custom_interfaces/include/custom_interfaces/custom_interfaces/srv/detail/get_positions__rosidl_typesupport_fastrtps_cpp.hpp
[6.313s] -- Symlinking: /home/hanlab/workspace/kiis_2024/src/install/custom_interfaces/include/custom_interfaces/custom_interfaces/srv/detail/set_position__rosidl_typesupport_fastrtps_cpp.hpp
[6.319s] -- Symlinking: /home/hanlab/workspace/kiis_2024/src/install/custom_interfaces/include/custom_interfaces/custom_interfaces/srv/detail/set_positions__rosidl_typesupport_fastrtps_cpp.hpp
[6.328s] -- Symlinking: /home/hanlab/workspace/kiis_2024/src/install/custom_interfaces/include/custom_interfaces/custom_interfaces/msg/detail/get_sensordata__rosidl_typesupport_introspection_cpp.hpp
[6.335s] -- Symlinking: /home/hanlab/workspace/kiis_2024/src/install/custom_interfaces/include/custom_interfaces/custom_interfaces/msg/detail/set_positions__rosidl_typesupport_introspection_cpp.hpp
[6.343s] -- Symlinking: /home/hanlab/workspace/kiis_2024/src/install/custom_interfaces/include/custom_interfaces/custom_interfaces/srv/detail/get_positions__rosidl_typesupport_introspection_cpp.hpp
[6.350s] -- Symlinking: /home/hanlab/workspace/kiis_2024/src/install/custom_interfaces/include/custom_interfaces/custom_interfaces/srv/detail/set_position__rosidl_typesupport_introspection_cpp.hpp
[6.358s] -- Symlinking: /home/hanlab/workspace/kiis_2024/src/install/custom_interfaces/include/custom_interfaces/custom_interfaces/srv/detail/set_positions__rosidl_typesupport_introspection_cpp.hpp
[6.365s] -- Symlinking: /home/hanlab/workspace/kiis_2024/src/install/custom_interfaces/share/custom_interfaces/environment/pythonpath.sh
[6.373s] -- Symlinking: /home/hanlab/workspace/kiis_2024/src/install/custom_interfaces/share/custom_interfaces/environment/pythonpath.dsv
[6.381s] -- Symlinking: /home/hanlab/workspace/kiis_2024/src/install/custom_interfaces/local/lib/python3.10/dist-packages/custom_interfaces-0.0.0-py3.10.egg-info/PKG-INFO
[6.388s] -- Symlinking: /home/hanlab/workspace/kiis_2024/src/install/custom_interfaces/local/lib/python3.10/dist-packages/custom_interfaces-0.0.0-py3.10.egg-info/SOURCES.txt
[6.395s] -- Symlinking: /home/hanlab/workspace/kiis_2024/src/install/custom_interfaces/local/lib/python3.10/dist-packages/custom_interfaces-0.0.0-py3.10.egg-info/dependency_links.txt
[6.402s] -- Symlinking: /home/hanlab/workspace/kiis_2024/src/install/custom_interfaces/local/lib/python3.10/dist-packages/custom_interfaces-0.0.0-py3.10.egg-info/top_level.txt
[6.411s] -- Symlinking: /home/hanlab/workspace/kiis_2024/src/install/custom_interfaces/local/lib/python3.10/dist-packages/custom_interfaces/__init__.py
[6.418s] -- Symlinking: /home/hanlab/workspace/kiis_2024/src/install/custom_interfaces/local/lib/python3.10/dist-packages/custom_interfaces/_custom_interfaces_s.ep.rosidl_typesupport_c.c
[6.426s] -- Symlinking: /home/hanlab/workspace/kiis_2024/src/install/custom_interfaces/local/lib/python3.10/dist-packages/custom_interfaces/_custom_interfaces_s.ep.rosidl_typesupport_fastrtps_c.c
[6.433s] -- Symlinking: /home/hanlab/workspace/kiis_2024/src/install/custom_interfaces/local/lib/python3.10/dist-packages/custom_interfaces/_custom_interfaces_s.ep.rosidl_typesupport_introspection_c.c
[6.441s] -- Symlinking: /home/hanlab/workspace/kiis_2024/src/install/custom_interfaces/local/lib/python3.10/dist-packages/custom_interfaces/custom_interfaces_s__rosidl_typesupport_c.cpython-310-x86_64-linux-gnu.so
[6.448s] -- Symlinking: /home/hanlab/workspace/kiis_2024/src/install/custom_interfaces/local/lib/python3.10/dist-packages/custom_interfaces/custom_interfaces_s__rosidl_typesupport_fastrtps_c.cpython-310-x86_64-linux-gnu.so
[6.455s] -- Symlinking: /home/hanlab/workspace/kiis_2024/src/install/custom_interfaces/local/lib/python3.10/dist-packages/custom_interfaces/custom_interfaces_s__rosidl_typesupport_introspection_c.cpython-310-x86_64-linux-gnu.so
[6.463s] -- Symlinking: /home/hanlab/workspace/kiis_2024/src/install/custom_interfaces/local/lib/python3.10/dist-packages/custom_interfaces/libcustom_interfaces__rosidl_generator_py.so
[6.470s] -- Symlinking: /home/hanlab/workspace/kiis_2024/src/install/custom_interfaces/local/lib/python3.10/dist-packages/custom_interfaces/msg/__init__.py
[6.478s] -- Symlinking: /home/hanlab/workspace/kiis_2024/src/install/custom_interfaces/local/lib/python3.10/dist-packages/custom_interfaces/msg/_get_sensordata.py
[6.485s] -- Symlinking: /home/hanlab/workspace/kiis_2024/src/install/custom_interfaces/local/lib/python3.10/dist-packages/custom_interfaces/msg/_get_sensordata_s.c
[6.492s] -- Symlinking: /home/hanlab/workspace/kiis_2024/src/install/custom_interfaces/local/lib/python3.10/dist-packages/custom_interfaces/msg/_set_positions.py
[6.499s] -- Symlinking: /home/hanlab/workspace/kiis_2024/src/install/custom_interfaces/local/lib/python3.10/dist-packages/custom_interfaces/msg/_set_positions_s.c
[6.507s] -- Symlinking: /home/hanlab/workspace/kiis_2024/src/install/custom_interfaces/local/lib/python3.10/dist-packages/custom_interfaces/srv/__init__.py
[6.514s] -- Symlinking: /home/hanlab/workspace/kiis_2024/src/install/custom_interfaces/local/lib/python3.10/dist-packages/custom_interfaces/srv/_get_positions.py
[6.521s] -- Symlinking: /home/hanlab/workspace/kiis_2024/src/install/custom_interfaces/local/lib/python3.10/dist-packages/custom_interfaces/srv/_get_positions_s.c
[6.529s] -- Symlinking: /home/hanlab/workspace/kiis_2024/src/install/custom_interfaces/local/lib/python3.10/dist-packages/custom_interfaces/srv/_set_position.py
[6.536s] -- Symlinking: /home/hanlab/workspace/kiis_2024/src/install/custom_interfaces/local/lib/python3.10/dist-packages/custom_interfaces/srv/_set_position_s.c
[6.544s] -- Symlinking: /home/hanlab/workspace/kiis_2024/src/install/custom_interfaces/local/lib/python3.10/dist-packages/custom_interfaces/srv/_set_positions.py
[6.551s] -- Symlinking: /home/hanlab/workspace/kiis_2024/src/install/custom_interfaces/local/lib/python3.10/dist-packages/custom_interfaces/srv/_set_positions_s.c
[6.559s] -- Up-to-date symlink: /home/hanlab/workspace/kiis_2024/src/install/custom_interfaces/local/lib/python3.10/dist-packages/custom_interfaces/custom_interfaces_s__rosidl_typesupport_fastrtps_c.cpython-310-x86_64-linux-gnu.so
[6.560s] -- Up-to-date symlink: /home/hanlab/workspace/kiis_2024/src/install/custom_interfaces/local/lib/python3.10/dist-packages/custom_interfaces/custom_interfaces_s__rosidl_typesupport_introspection_c.cpython-310-x86_64-linux-gnu.so
[6.560s] -- Up-to-date symlink: /home/hanlab/workspace/kiis_2024/src/install/custom_interfaces/local/lib/python3.10/dist-packages/custom_interfaces/custom_interfaces_s__rosidl_typesupport_c.cpython-310-x86_64-linux-gnu.so
[6.560s] -- Symlinking: /home/hanlab/workspace/kiis_2024/src/install/custom_interfaces/share/custom_interfaces/msg/SetPositions.idl
[6.567s] -- Symlinking: /home/hanlab/workspace/kiis_2024/src/install/custom_interfaces/share/custom_interfaces/msg/GetSensordata.idl
[6.575s] -- Symlinking: /home/hanlab/workspace/kiis_2024/src/install/custom_interfaces/share/custom_interfaces/srv/GetPositions.idl
[6.582s] -- Symlinking: /home/hanlab/workspace/kiis_2024/src/install/custom_interfaces/share/custom_interfaces/srv/SetPositions.idl
[6.589s] -- Symlinking: /home/hanlab/workspace/kiis_2024/src/install/custom_interfaces/share/custom_interfaces/srv/SetPosition.idl
[6.597s] -- Symlinking: /home/hanlab/workspace/kiis_2024/src/install/custom_interfaces/share/custom_interfaces/msg/SetPositions.msg
[6.604s] -- Symlinking: /home/hanlab/workspace/kiis_2024/src/install/custom_interfaces/share/custom_interfaces/msg/GetSensordata.msg
[6.612s] -- Symlinking: /home/hanlab/workspace/kiis_2024/src/install/custom_interfaces/share/custom_interfaces/srv/GetPositions.srv
[6.619s] -- Symlinking: /home/hanlab/workspace/kiis_2024/src/install/custom_interfaces/share/custom_interfaces/srv/GetPositions_Request.msg
[6.627s] -- Symlinking: /home/hanlab/workspace/kiis_2024/src/install/custom_interfaces/share/custom_interfaces/srv/GetPositions_Response.msg
[6.634s] -- Symlinking: /home/hanlab/workspace/kiis_2024/src/install/custom_interfaces/share/custom_interfaces/srv/SetPositions.srv
[6.642s] -- Symlinking: /home/hanlab/workspace/kiis_2024/src/install/custom_interfaces/share/custom_interfaces/srv/SetPositions_Request.msg
[6.649s] -- Symlinking: /home/hanlab/workspace/kiis_2024/src/install/custom_interfaces/share/custom_interfaces/srv/SetPositions_Response.msg
[6.656s] -- Symlinking: /home/hanlab/workspace/kiis_2024/src/install/custom_interfaces/share/custom_interfaces/srv/SetPosition.srv
[6.663s] -- Symlinking: /home/hanlab/workspace/kiis_2024/src/install/custom_interfaces/share/custom_interfaces/srv/SetPosition_Request.msg
[6.670s] -- Symlinking: /home/hanlab/workspace/kiis_2024/src/install/custom_interfaces/share/custom_interfaces/srv/SetPosition_Response.msg
[6.677s] -- Symlinking: /home/hanlab/workspace/kiis_2024/src/install/custom_interfaces/share/ament_index/resource_index/package_run_dependencies/custom_interfaces
[6.685s] -- Symlinking: /home/hanlab/workspace/kiis_2024/src/install/custom_interfaces/share/ament_index/resource_index/parent_prefix_path/custom_interfaces
[6.693s] -- Symlinking: /home/hanlab/workspace/kiis_2024/src/install/custom_interfaces/share/custom_interfaces/environment/ament_prefix_path.sh
[6.701s] -- Symlinking: /home/hanlab/workspace/kiis_2024/src/install/custom_interfaces/share/custom_interfaces/environment/ament_prefix_path.dsv
[6.709s] -- Symlinking: /home/hanlab/workspace/kiis_2024/src/install/custom_interfaces/share/custom_interfaces/environment/path.sh
[6.717s] -- Symlinking: /home/hanlab/workspace/kiis_2024/src/install/custom_interfaces/share/custom_interfaces/environment/path.dsv
[6.724s] -- Symlinking: /home/hanlab/workspace/kiis_2024/src/install/custom_interfaces/share/custom_interfaces/local_setup.bash
[6.732s] -- Symlinking: /home/hanlab/workspace/kiis_2024/src/install/custom_interfaces/share/custom_interfaces/local_setup.sh
[6.740s] -- Symlinking: /home/hanlab/workspace/kiis_2024/src/install/custom_interfaces/share/custom_interfaces/local_setup.zsh
[6.748s] -- Symlinking: /home/hanlab/workspace/kiis_2024/src/install/custom_interfaces/share/custom_interfaces/local_setup.dsv
[6.755s] -- Symlinking: /home/hanlab/workspace/kiis_2024/src/install/custom_interfaces/share/custom_interfaces/package.dsv
[6.763s] -- Symlinking: /home/hanlab/workspace/kiis_2024/src/install/custom_interfaces/share/ament_index/resource_index/packages/custom_interfaces
[6.770s] -- Symlinking: /home/hanlab/workspace/kiis_2024/src/install/custom_interfaces/share/custom_interfaces/cmake/rosidl_cmake-extras.cmake
[6.777s] -- Symlinking: /home/hanlab/workspace/kiis_2024/src/install/custom_interfaces/share/custom_interfaces/cmake/ament_cmake_export_include_directories-extras.cmake
[6.785s] -- Symlinking: /home/hanlab/workspace/kiis_2024/src/install/custom_interfaces/share/custom_interfaces/cmake/ament_cmake_export_libraries-extras.cmake
[6.792s] -- Symlinking: /home/hanlab/workspace/kiis_2024/src/install/custom_interfaces/share/custom_interfaces/cmake/ament_cmake_export_targets-extras.cmake
[6.800s] -- Symlinking: /home/hanlab/workspace/kiis_2024/src/install/custom_interfaces/share/custom_interfaces/cmake/rosidl_cmake_export_typesupport_targets-extras.cmake
[6.807s] -- Symlinking: /home/hanlab/workspace/kiis_2024/src/install/custom_interfaces/share/custom_interfaces/cmake/ament_cmake_export_dependencies-extras.cmake
[6.815s] -- Symlinking: /home/hanlab/workspace/kiis_2024/src/install/custom_interfaces/share/custom_interfaces/cmake/rosidl_cmake_export_typesupport_libraries-extras.cmake
[6.822s] -- Symlinking: /home/hanlab/workspace/kiis_2024/src/install/custom_interfaces/share/custom_interfaces/cmake/custom_interfacesConfig.cmake
[6.830s] -- Symlinking: /home/hanlab/workspace/kiis_2024/src/install/custom_interfaces/share/custom_interfaces/cmake/custom_interfacesConfig-version.cmake
[6.838s] -- Symlinking: /home/hanlab/workspace/kiis_2024/src/install/custom_interfaces/share/custom_interfaces/package.xml
[6.845s] -- Installing: /home/hanlab/workspace/kiis_2024/src/install/custom_interfaces/lib/libcustom_interfaces__rosidl_generator_c.so
[6.846s] -- Set runtime path of "/home/hanlab/workspace/kiis_2024/src/install/custom_interfaces/lib/libcustom_interfaces__rosidl_generator_c.so" to ""
[6.846s] -- Installing: /home/hanlab/workspace/kiis_2024/src/install/custom_interfaces/lib/libcustom_interfaces__rosidl_typesupport_fastrtps_c.so
[6.847s] -- Set runtime path of "/home/hanlab/workspace/kiis_2024/src/install/custom_interfaces/lib/libcustom_interfaces__rosidl_typesupport_fastrtps_c.so" to ""
[6.847s] -- Installing: /home/hanlab/workspace/kiis_2024/src/install/custom_interfaces/lib/libcustom_interfaces__rosidl_typesupport_introspection_c.so
[6.847s] -- Set runtime path of "/home/hanlab/workspace/kiis_2024/src/install/custom_interfaces/lib/libcustom_interfaces__rosidl_typesupport_introspection_c.so" to ""
[6.847s] -- Installing: /home/hanlab/workspace/kiis_2024/src/install/custom_interfaces/lib/libcustom_interfaces__rosidl_typesupport_c.so
[6.847s] -- Set runtime path of "/home/hanlab/workspace/kiis_2024/src/install/custom_interfaces/lib/libcustom_interfaces__rosidl_typesupport_c.so" to ""
[6.847s] -- Installing: /home/hanlab/workspace/kiis_2024/src/install/custom_interfaces/lib/libcustom_interfaces__rosidl_typesupport_fastrtps_cpp.so
[6.848s] -- Set runtime path of "/home/hanlab/workspace/kiis_2024/src/install/custom_interfaces/lib/libcustom_interfaces__rosidl_typesupport_fastrtps_cpp.so" to ""
[6.848s] -- Installing: /home/hanlab/workspace/kiis_2024/src/install/custom_interfaces/lib/libcustom_interfaces__rosidl_typesupport_introspection_cpp.so
[6.849s] -- Set runtime path of "/home/hanlab/workspace/kiis_2024/src/install/custom_interfaces/lib/libcustom_interfaces__rosidl_typesupport_introspection_cpp.so" to ""
[6.849s] -- Installing: /home/hanlab/workspace/kiis_2024/src/install/custom_interfaces/lib/libcustom_interfaces__rosidl_typesupport_cpp.so
[6.849s] -- Set runtime path of "/home/hanlab/workspace/kiis_2024/src/install/custom_interfaces/lib/libcustom_interfaces__rosidl_typesupport_cpp.so" to ""
[6.885s] Listing '/home/hanlab/workspace/kiis_2024/src/install/custom_interfaces/local/lib/python3.10/dist-packages/custom_interfaces'...
[6.885s] Compiling '/home/hanlab/workspace/kiis_2024/src/install/custom_interfaces/local/lib/python3.10/dist-packages/custom_interfaces/__init__.py'...
[6.885s] Listing '/home/hanlab/workspace/kiis_2024/src/install/custom_interfaces/local/lib/python3.10/dist-packages/custom_interfaces/msg'...
[6.885s] Compiling '/home/hanlab/workspace/kiis_2024/src/install/custom_interfaces/local/lib/python3.10/dist-packages/custom_interfaces/msg/__init__.py'...
[6.885s] Compiling '/home/hanlab/workspace/kiis_2024/src/install/custom_interfaces/local/lib/python3.10/dist-packages/custom_interfaces/msg/_get_sensordata.py'...
[6.885s] Compiling '/home/hanlab/workspace/kiis_2024/src/install/custom_interfaces/local/lib/python3.10/dist-packages/custom_interfaces/msg/_set_positions.py'...
[6.885s] Listing '/home/hanlab/workspace/kiis_2024/src/install/custom_interfaces/local/lib/python3.10/dist-packages/custom_interfaces/srv'...
[6.885s] Compiling '/home/hanlab/workspace/kiis_2024/src/install/custom_interfaces/local/lib/python3.10/dist-packages/custom_interfaces/srv/__init__.py'...
[6.885s] Compiling '/home/hanlab/workspace/kiis_2024/src/install/custom_interfaces/local/lib/python3.10/dist-packages/custom_interfaces/srv/_get_positions.py'...
[6.885s] Compiling '/home/hanlab/workspace/kiis_2024/src/install/custom_interfaces/local/lib/python3.10/dist-packages/custom_interfaces/srv/_set_position.py'...
[6.885s] Compiling '/home/hanlab/workspace/kiis_2024/src/install/custom_interfaces/local/lib/python3.10/dist-packages/custom_interfaces/srv/_set_positions.py'...
[6.889s] -- Installing: /home/hanlab/workspace/kiis_2024/src/install/custom_interfaces/lib/libcustom_interfaces__rosidl_generator_py.so
[6.889s] -- Set runtime path of "/home/hanlab/workspace/kiis_2024/src/install/custom_interfaces/lib/libcustom_interfaces__rosidl_generator_py.so" to ""
[6.889s] -- Installing: /home/hanlab/workspace/kiis_2024/src/install/custom_interfaces/share/custom_interfaces/cmake/export_custom_interfaces__rosidl_generator_cExport.cmake
[6.889s] -- Installing: /home/hanlab/workspace/kiis_2024/src/install/custom_interfaces/share/custom_interfaces/cmake/export_custom_interfaces__rosidl_generator_cExport-relwithdebinfo.cmake
[6.890s] -- Installing: /home/hanlab/workspace/kiis_2024/src/install/custom_interfaces/share/custom_interfaces/cmake/export_custom_interfaces__rosidl_typesupport_fastrtps_cExport.cmake
[6.890s] -- Installing: /home/hanlab/workspace/kiis_2024/src/install/custom_interfaces/share/custom_interfaces/cmake/export_custom_interfaces__rosidl_typesupport_fastrtps_cExport-relwithdebinfo.cmake
[6.890s] -- Installing: /home/hanlab/workspace/kiis_2024/src/install/custom_interfaces/share/custom_interfaces/cmake/custom_interfaces__rosidl_typesupport_introspection_cExport.cmake
[6.890s] -- Installing: /home/hanlab/workspace/kiis_2024/src/install/custom_interfaces/share/custom_interfaces/cmake/custom_interfaces__rosidl_typesupport_introspection_cExport-relwithdebinfo.cmake
[6.890s] -- Installing: /home/hanlab/workspace/kiis_2024/src/install/custom_interfaces/share/custom_interfaces/cmake/custom_interfaces__rosidl_typesupport_cExport.cmake
[6.890s] -- Installing: /home/hanlab/workspace/kiis_2024/src/install/custom_interfaces/share/custom_interfaces/cmake/custom_interfaces__rosidl_typesupport_cExport-relwithdebinfo.cmake
[6.890s] -- Installing: /home/hanlab/workspace/kiis_2024/src/install/custom_interfaces/share/custom_interfaces/cmake/export_custom_interfaces__rosidl_generator_cppExport.cmake
[6.890s] -- Installing: /home/hanlab/workspace/kiis_2024/src/install/custom_interfaces/share/custom_interfaces/cmake/export_custom_interfaces__rosidl_typesupport_fastrtps_cppExport.cmake
[6.891s] -- Installing: /home/hanlab/workspace/kiis_2024/src/install/custom_interfaces/share/custom_interfaces/cmake/export_custom_interfaces__rosidl_typesupport_fastrtps_cppExport-relwithdebinfo.cmake
[6.891s] -- Installing: /home/hanlab/workspace/kiis_2024/src/install/custom_interfaces/share/custom_interfaces/cmake/custom_interfaces__rosidl_typesupport_introspection_cppExport.cmake
[6.891s] -- Installing: /home/hanlab/workspace/kiis_2024/src/install/custom_interfaces/share/custom_interfaces/cmake/custom_interfaces__rosidl_typesupport_introspection_cppExport-relwithdebinfo.cmake
[6.891s] -- Installing: /home/hanlab/workspace/kiis_2024/src/install/custom_interfaces/share/custom_interfaces/cmake/custom_interfaces__rosidl_typesupport_cppExport.cmake
[6.891s] -- Installing: /home/hanlab/workspace/kiis_2024/src/install/custom_interfaces/share/custom_interfaces/cmake/custom_interfaces__rosidl_typesupport_cppExport-relwithdebinfo.cmake
[6.891s] -- Installing: /home/hanlab/workspace/kiis_2024/src/install/custom_interfaces/share/custom_interfaces/cmake/export_custom_interfaces__rosidl_generator_pyExport.cmake
[6.891s] -- Installing: /home/hanlab/workspace/kiis_2024/src/install/custom_interfaces/share/custom_interfaces/cmake/export_custom_interfaces__rosidl_generator_pyExport-relwithdebinfo.cmake
[6.894s] Invoked command in '/home/hanlab/workspace/kiis_2024/src/build/custom_interfaces' returned '0': CMAKE_PREFIX_PATH=${CMAKE_PREFIX_PATH}:/home/hanlab/workspace/kiis_2024/install/dclaw:/opt/ros/humble /usr/bin/cmake --install /home/hanlab/workspace/kiis_2024/src/build/custom_interfaces
