running develop
running egg_info
creating dclaw.egg-info
writing dclaw.egg-info/PKG-INFO
writing dependency_links to dclaw.egg-info/dependency_links.txt
writing entry points to dclaw.egg-info/entry_points.txt
writing requirements to dclaw.egg-info/requires.txt
writing top-level names to dclaw.egg-info/top_level.txt
writing manifest file 'dclaw.egg-info/SOURCES.txt'
reading manifest file 'dclaw.egg-info/SOURCES.txt'
writing manifest file 'dclaw.egg-info/SOURCES.txt'
running build_ext
Creating /home/hanlab/workspace/kiis_2024/src/install/dclaw/lib/python3.10/site-packages/dclaw.egg-link (link to .)
Installing dclaw_real script to /home/hanlab/workspace/kiis_2024/src/install/dclaw/lib/dclaw
Installing dclaw_sim script to /home/hanlab/workspace/kiis_2024/src/install/dclaw/lib/dclaw
Installing sensor_real script to /home/hanlab/workspace/kiis_2024/src/install/dclaw/lib/dclaw

Installed /home/hanlab/workspace/kiis_2024/src/build/dclaw
running symlink_data
creating /home/hanlab/workspace/kiis_2024/src/install/dclaw/share/ament_index
creating /home/hanlab/workspace/kiis_2024/src/install/dclaw/share/ament_index/resource_index
creating /home/hanlab/workspace/kiis_2024/src/install/dclaw/share/ament_index/resource_index/packages
symbolically linking /home/hanlab/workspace/kiis_2024/src/build/dclaw/resource/dclaw -> /home/hanlab/workspace/kiis_2024/src/install/dclaw/share/ament_index/resource_index/packages
symbolically linking /home/hanlab/workspace/kiis_2024/src/build/dclaw/package.xml -> /home/hanlab/workspace/kiis_2024/src/install/dclaw/share/dclaw
