[0.725s] Invoking command in '/home/hanlab/workspace/kiis_2024/src/build/dclaw': PYTHONPATH=/home/hanlab/workspace/kiis_2024/src/build/dclaw/prefix_override:/usr/lib/python3/dist-packages/colcon_core/task/python/colcon_distutils_commands:/home/hanlab/workspace/kiis_2024/src/install/dclaw/lib/python3.10/site-packages:${PYTHONPATH} /usr/bin/python3 -W ignore:setup.py install is deprecated -W ignore:easy_install command is deprecated setup.py develop --editable --build-directory /home/hanlab/workspace/kiis_2024/src/build/dclaw/build --no-deps symlink_data
[1.001s] running develop
[1.233s] running egg_info
[1.233s] creating dclaw.egg-info
[1.233s] writing dclaw.egg-info/PKG-INFO
[1.233s] writing dependency_links to dclaw.egg-info/dependency_links.txt
[1.233s] writing entry points to dclaw.egg-info/entry_points.txt
[1.233s] writing requirements to dclaw.egg-info/requires.txt
[1.233s] writing top-level names to dclaw.egg-info/top_level.txt
[1.235s] writing manifest file 'dclaw.egg-info/SOURCES.txt'
[1.236s] reading manifest file 'dclaw.egg-info/SOURCES.txt'
[1.237s] writing manifest file 'dclaw.egg-info/SOURCES.txt'
[1.283s] running build_ext
[1.283s] Creating /home/hanlab/workspace/kiis_2024/src/install/dclaw/lib/python3.10/site-packages/dclaw.egg-link (link to .)
[1.284s] Installing dclaw_real script to /home/hanlab/workspace/kiis_2024/src/install/dclaw/lib/dclaw
[1.284s] Installing dclaw_sim script to /home/hanlab/workspace/kiis_2024/src/install/dclaw/lib/dclaw
[1.284s] Installing sensor_real script to /home/hanlab/workspace/kiis_2024/src/install/dclaw/lib/dclaw
[1.284s] 
[1.284s] Installed /home/hanlab/workspace/kiis_2024/src/build/dclaw
[1.284s] running symlink_data
[1.284s] creating /home/hanlab/workspace/kiis_2024/src/install/dclaw/share/ament_index
[1.285s] creating /home/hanlab/workspace/kiis_2024/src/install/dclaw/share/ament_index/resource_index
[1.285s] creating /home/hanlab/workspace/kiis_2024/src/install/dclaw/share/ament_index/resource_index/packages
[1.285s] symbolically linking /home/hanlab/workspace/kiis_2024/src/build/dclaw/resource/dclaw -> /home/hanlab/workspace/kiis_2024/src/install/dclaw/share/ament_index/resource_index/packages
[1.285s] symbolically linking /home/hanlab/workspace/kiis_2024/src/build/dclaw/package.xml -> /home/hanlab/workspace/kiis_2024/src/install/dclaw/share/dclaw
[1.315s] Invoked command in '/home/hanlab/workspace/kiis_2024/src/build/dclaw' returned '0': PYTHONPATH=/home/hanlab/workspace/kiis_2024/src/build/dclaw/prefix_override:/usr/lib/python3/dist-packages/colcon_core/task/python/colcon_distutils_commands:/home/hanlab/workspace/kiis_2024/src/install/dclaw/lib/python3.10/site-packages:${PYTHONPATH} /usr/bin/python3 -W ignore:setup.py install is deprecated -W ignore:easy_install command is deprecated setup.py develop --editable --build-directory /home/hanlab/workspace/kiis_2024/src/build/dclaw/build --no-deps symlink_data
